#
# A fatal error has been detected by the Java Runtime Environment:
#
#  EXCEPTION_ACCESS_VIOLATION (0xc0000005) at pc=0x00007ff9092d2b4a, pid=1176, tid=7100
#
# JRE version: Java(TM) SE Runtime Environment (16.0.1+9) (build 16.0.1+9-24)
# Java VM: Java HotSpot(TM) 64-Bit Server VM (16.0.1+9-24, mixed mode, sharing, tiered, compressed oops, compressed class ptrs, g1 gc, windows-amd64)
# Problematic frame:
# V  [jvm.dll+0x1b2b4a]
#
# No core dump will be written. Minidumps are not enabled by default on client versions of Windows
#
# If you would like to submit a bug report, please visit:
#   https://bugreport.java.com/bugreport/crash.jsp
#

---------------  S U M M A R Y ------------

Command Line: -Dfile.encoding=UTF-8 Home

Host: Intel(R) Core(TM) i7-4510U CPU @ 2.00GHz, 4 cores, 11G,  Windows 10 , 64 bit Build 19041 (10.0.19041.928)
Time: Tue Jul  6 23:18:45 2021 Hora estándar oeste, Sudamérica elapsed time: 0.405050 seconds (0d 0h 0m 0s)

---------------  T H R E A D  ---------------

Current thread (0x0000027fac7042f0):  JavaThread "C2 CompilerThread0" daemon [_thread_in_native, id=7100, stack(0x000000a164600000,0x000000a164700000)]


Current CompileTask:
C2:    405  573       4       java.util.HashMap::putVal (300 bytes)

Stack: [0x000000a164600000,0x000000a164700000],  sp=0x000000a1646fb640,  free space=1005k
Native frames: (J=compiled Java code, j=interpreted, Vv=VM code, C=native code)
V  [jvm.dll+0x1b2b4a]
V  [jvm.dll+0x68faa7]
V  [jvm.dll+0x68e94c]
V  [jvm.dll+0x216f83]
V  [jvm.dll+0x21524c]
V  [jvm.dll+0x1a1d9b]
V  [jvm.dll+0x2253a8]
V  [jvm.dll+0x2233ec]
V  [jvm.dll+0x780002]
V  [jvm.dll+0x779b4a]
V  [jvm.dll+0x667666]
C  [ucrtbase.dll+0x21bb2]
C  [KERNEL32.DLL+0x17034]
C  [ntdll.dll+0x52651]


siginfo: EXCEPTION_ACCESS_VIOLATION (0xc0000005), reading address 0x000002851e934920


Register to memory mapping:

RIP=0x00007ff9092d2b4a jvm.dll
RAX=0x00000000ae107168 is an unknown value
RBX=0x0 is NULL
RCX=0x0000027fae1071e0 points into unknown readable memory: 0x0000027fae107190 | 90 71 10 ae 7f 02 00 00
RDX=0x0000027fae0ebd40 points into unknown readable memory: 0x0000027fae1071e0 | e0 71 10 ae 7f 02 00 00
RSP=0x000000a1646fb640 is pointing into the stack for thread: 0x0000027fac7042f0
RBP=0x0000000000000001 is an unknown value
RSI=0xffffffffffffffff is an unknown value
RDI=0x0000027fae1027c8 points into unknown readable memory: 0x00007ff9099c6ce8 | e8 6c 9c 09 f9 7f 00 00
R8 =0x0000027fae0fbde0 points into unknown readable memory: 0x0000027fac742a80 | 80 2a 74 ac 7f 02 00 00
R9 =0x0000000000000001 is an unknown value
R10=0x0000027fac742a48 points into unknown readable memory: 0x00007ff909a6e0f8 | f8 e0 a6 09 f9 7f 00 00
R11=0xfffffffffffffee0 is an unknown value
R12=0x0 is NULL
R13=0x000000a1646fb910 is pointing into the stack for thread: 0x0000027fac7042f0
R14=0x0000027fae0ebcd8 points into unknown readable memory: 0x00007ff9099c6ce8 | e8 6c 9c 09 f9 7f 00 00
R15=0x0000027fae103100 points into unknown readable memory: 0x0000027fae103028 | 28 30 10 ae 7f 02 00 00


Registers:
RAX=0x00000000ae107168, RBX=0x0000000000000000, RCX=0x0000027fae1071e0, RDX=0x0000027fae0ebd40
RSP=0x000000a1646fb640, RBP=0x0000000000000001, RSI=0xffffffffffffffff, RDI=0x0000027fae1027c8
R8 =0x0000027fae0fbde0, R9 =0x0000000000000001, R10=0x0000027fac742a48, R11=0xfffffffffffffee0
R12=0x0000000000000000, R13=0x000000a1646fb910, R14=0x0000027fae0ebcd8, R15=0x0000027fae103100
RIP=0x00007ff9092d2b4a, EFLAGS=0x0000000000010212

Top of Stack: (sp=0x000000a1646fb640)
0x000000a1646fb640:   0000000000000000 00007ff90947d3d6
0x000000a1646fb650:   000000a1646fb910 00007ff90947c788
0x000000a1646fb660:   0000027fae0f4370 00007ff909767e9a
0x000000a1646fb670:   0000000000000000 000000a1646fb910
0x000000a1646fb680:   0000027fae0ebbd0 00007ff90947e429
0x000000a1646fb690:   0000000000000000 00007ff9092d66da
0x000000a1646fb6a0:   0000027fae0ebcd8 000000a1646fb910
0x000000a1646fb6b0:   0000027fae0f47d0 0000027fae103158
0x000000a1646fb6c0:   00000000000000d8 0000027f8c958530
0x000000a1646fb6d0:   0000000000000000 0000000000000000
0x000000a1646fb6e0:   000000a1646fb910 000000000000030e
0x000000a1646fb6f0:   0000027fae0ebcd8 00007ff9097afaa7
0x000000a1646fb700:   0000027fae0ebcd8 000000a1646fb910
0x000000a1646fb710:   0000000000000301 0000027fac7555f8
0x000000a1646fb720:   000000a1646fb910 00007ff9097ae94c
0x000000a1646fb730:   000000a1646fe880 000000000000030e 

Instructions: (pc=0x00007ff9092d2b4a)
0x00007ff9092d2a4a:   84 00 00 00 00 00 8b c7 48 8d 14 c5 00 00 00 00
0x00007ff9092d2a5a:   48 8b 45 08 48 8b 0c 02 48 85 c9 74 0d 8b 49 28
0x00007ff9092d2a6a:   49 8b 45 50 4c 39 14 c8 75 63 49 8b 46 08 48 39
0x00007ff9092d2a7a:   34 02 74 59 41 80 bd b0 09 00 00 00 49 0f 45 dd
0x00007ff9092d2a8a:   45 84 db 74 26 48 85 db 74 0f 48 8d 8b e0 09 00
0x00007ff9092d2a9a:   00 48 8b d5 e8 4d 2c ef ff 4c 8b cb 4c 8b c6 8b
0x00007ff9092d2aaa:   d7 49 8b ce e8 5d c6 4d 00 eb 0d 4c 8b c6 8b d7
0x00007ff9092d2aba:   49 8b ce e8 8e b7 ec ff 4c 8b 15 df a2 95 00 4d
0x00007ff9092d2aca:   8b e6 44 0f b6 9c 24 d0 00 00 00 33 db 45 8b 46
0x00007ff9092d2ada:   18 ff c7 41 3b f8 0f 82 6a ff ff ff bd 01 00 00
0x00007ff9092d2aea:   00 45 84 db 74 0b 41 83 7e 20 00 0f 84 e1 00 00
0x00007ff9092d2afa:   00 45 32 ff 48 8b fb 41 83 f8 01 76 7c 49 8b 4e
0x00007ff9092d2b0a:   08 45 8d 48 ff 48 c7 c6 ff ff ff ff 48 8b 01 48
0x00007ff9092d2b1a:   8d 51 08 4c 8b 58 08 4c 2b d9 49 8b 04 13 48 85
0x00007ff9092d2b2a:   c0 74 34 4d 8b 45 50 8b 40 28 4d 39 14 c0 74 27
0x00007ff9092d2b3a:   48 8b 0a 48 85 c9 74 1f 49 3b ce 74 1a 8b 41 28
0x00007ff9092d2b4a:   4d 39 14 c0 74 11 48 85 ff 75 05 48 8b f9 eb 07
0x00007ff9092d2b5a:   48 3b f9 48 0f 45 fe 48 83 c2 08 49 83 e9 01 75
0x00007ff9092d2b6a:   b9 48 8b b4 24 d8 00 00 00 48 85 ff 74 0b 48 83
0x00007ff9092d2b7a:   ff ff 75 47 48 8b fb eb 10 49 8b 45 10 48 8b b8
0x00007ff9092d2b8a:   a0 02 00 00 48 85 ff 75 32 44 0f b6 84 24 d0 00
0x00007ff9092d2b9a:   00 00 45 84 c0 74 2d 49 8b d5 49 8b ce e8 94 65
0x00007ff9092d2baa:   00 00 84 c0 75 15 41 b7 01 49 8b d5 45 0f b6 c7
0x00007ff9092d2bba:   49 8b ce e8 3e 64 00 00 48 8b f8 44 0f b6 84 24
0x00007ff9092d2bca:   d0 00 00 00 48 3b fe 75 11 45 84 c0 0f 84 c3 00
0x00007ff9092d2bda:   00 00 48 8b c6 e9 bd 00 00 00 48 85 ff 0f 84 c5
0x00007ff9092d2bea:   02 00 00 41 83 7e 20 00 4c 8b 64 24 40 0f 86 b7
0x00007ff9092d2bfa:   00 00 00 49 8b 44 24 08 48 83 38 00 0f 84 a8 00
0x00007ff9092d2c0a:   00 00 41 8b 44 24 2c 83 e0 7f 3c 60 75 29 41 83
0x00007ff9092d2c1a:   7c 24 18 03 75 21 49 8b 46 08 33 d2 48 8b 48 08
0x00007ff9092d2c2a:   e8 31 67 49 00 33 d2 48 8b cf 48 8b d8 e8 24 67
0x00007ff9092d2c3a:   49 00 48 3b c3 eb 40 49 8b 45 10 48 8b d7 49 8b 


Stack slot to memory mapping:
stack at sp + 0 slots: 0x0 is NULL
stack at sp + 1 slots: 0x00007ff90947d3d6 jvm.dll
stack at sp + 2 slots: 0x000000a1646fb910 is pointing into the stack for thread: 0x0000027fac7042f0
stack at sp + 3 slots: 0x00007ff90947c788 jvm.dll
stack at sp + 4 slots: 0x0000027fae0f4370 points into unknown readable memory: 0x00007ff9099c6f50 | 50 6f 9c 09 f9 7f 00 00
stack at sp + 5 slots: 0x00007ff909767e9a jvm.dll
stack at sp + 6 slots: 0x0 is NULL
stack at sp + 7 slots: 0x000000a1646fb910 is pointing into the stack for thread: 0x0000027fac7042f0


---------------  P R O C E S S  ---------------

Threads class SMR info:
_java_thread_list=0x0000027fae082a00, length=17, elements={
0x0000027fac6ef280, 0x0000027fac6f2560, 0x0000027fac6fd2b0, 0x0000027fac6fdcb0,
0x0000027fac6fe6b0, 0x0000027fac6ff0b0, 0x0000027fac7042f0, 0x0000027fac7175d0,
0x0000027fac729c10, 0x0000027fad1d55b0, 0x0000027fad1e5640, 0x0000027fad244b00,
0x0000027fad245020, 0x0000027fad40d020, 0x0000027fad4b8830, 0x0000027f8c959ec0,
0x0000027fad51df90
}

Java Threads: ( => current thread )
  0x0000027fac6ef280 JavaThread "Reference Handler" daemon [_thread_blocked, id=11980, stack(0x000000a164000000,0x000000a164100000)]
  0x0000027fac6f2560 JavaThread "Finalizer" daemon [_thread_blocked, id=1184, stack(0x000000a164100000,0x000000a164200000)]
  0x0000027fac6fd2b0 JavaThread "Signal Dispatcher" daemon [_thread_blocked, id=3660, stack(0x000000a164200000,0x000000a164300000)]
  0x0000027fac6fdcb0 JavaThread "Attach Listener" daemon [_thread_blocked, id=9476, stack(0x000000a164300000,0x000000a164400000)]
  0x0000027fac6fe6b0 JavaThread "Service Thread" daemon [_thread_blocked, id=3652, stack(0x000000a164400000,0x000000a164500000)]
  0x0000027fac6ff0b0 JavaThread "Monitor Deflation Thread" daemon [_thread_blocked, id=3100, stack(0x000000a164500000,0x000000a164600000)]
=>0x0000027fac7042f0 JavaThread "C2 CompilerThread0" daemon [_thread_in_native, id=7100, stack(0x000000a164600000,0x000000a164700000)]
  0x0000027fac7175d0 JavaThread "C1 CompilerThread0" daemon [_thread_in_native, id=7304, stack(0x000000a164700000,0x000000a164800000)]
  0x0000027fac729c10 JavaThread "Sweeper thread" daemon [_thread_blocked, id=6552, stack(0x000000a164800000,0x000000a164900000)]
  0x0000027fad1d55b0 JavaThread "Notification Thread" daemon [_thread_blocked, id=8264, stack(0x000000a164900000,0x000000a164a00000)]
  0x0000027fad1e5640 JavaThread "Common-Cleaner" daemon [_thread_blocked, id=11432, stack(0x000000a164b00000,0x000000a164c00000)]
  0x0000027fad244b00 JavaThread "Java2D Disposer" daemon [_thread_blocked, id=10772, stack(0x000000a164c00000,0x000000a164d00000)]
  0x0000027fad245020 JavaThread "AWT-Shutdown" [_thread_blocked, id=4188, stack(0x000000a164d00000,0x000000a164e00000)]
  0x0000027fad40d020 JavaThread "AWT-Windows" daemon [_thread_in_native, id=2968, stack(0x000000a164e00000,0x000000a164f00000)]
  0x0000027fad4b8830 JavaThread "AWT-EventQueue-0" [_thread_in_Java, id=3680, stack(0x000000a164f00000,0x000000a165000000)]
  0x0000027f8c959ec0 JavaThread "DestroyJavaVM" [_thread_blocked, id=2452, stack(0x000000a163900000,0x000000a163a00000)]
  0x0000027fad51df90 JavaThread "C2 CompilerThread1" daemon [_thread_in_native, id=6028, stack(0x000000a165000000,0x000000a165100000)]

Other Threads:
  0x0000027fac6e8720 VMThread "VM Thread" [stack: 0x000000a163f00000,0x000000a164000000] [id=1940]
  0x0000027fad1de320 WatcherThread [stack: 0x000000a164a00000,0x000000a164b00000] [id=2200]
  0x0000027f8c99c7f0 GCTaskThread "GC Thread#0" [stack: 0x000000a163a00000,0x000000a163b00000] [id=12244]
  0x0000027f8c9aa610 ConcurrentGCThread "G1 Main Marker" [stack: 0x000000a163b00000,0x000000a163c00000] [id=11908]
  0x0000027f8c9abf90 ConcurrentGCThread "G1 Conc#0" [stack: 0x000000a163c00000,0x000000a163d00000] [id=8132]
  0x0000027f8ca2a580 ConcurrentGCThread "G1 Refine#0" [stack: 0x000000a163d00000,0x000000a163e00000] [id=3780]
  0x0000027f8ca2af00 ConcurrentGCThread "G1 Service" [stack: 0x000000a163e00000,0x000000a163f00000] [id=1216]

Threads with active compile tasks:
C2 CompilerThread0      489  573       4       java.util.HashMap::putVal (300 bytes)
C1 CompilerThread0      489  668       3       javax.swing.plaf.nimbus.NimbusStyle::validate (1150 bytes)
C2 CompilerThread1      489  628   !   4       javax.swing.UIManager::getLAFState (61 bytes)

VM state: not at safepoint (normal execution)

VM Mutex/Monitor currently owned by a thread: None

Heap address: 0x0000000741200000, size: 3054 MB, Compressed Oops mode: Zero based, Oop shift amount: 3

CDS archive(s) mapped at: [0x0000000800000000-0x0000000800bb0000-0x0000000800bb0000), size 12255232, SharedBaseAddress: 0x0000000800000000, ArchiveRelocationMode: 0.
Compressed class space mapped at: 0x0000000800c00000-0x0000000840c00000, reserved size: 1073741824
Narrow klass base: 0x0000000800000000, Narrow klass shift: 3, Narrow klass range: 0x100000000

GC Precious Log:
 CPUs: 4 total, 4 available
 Memory: 12209M
 Large Page Support: Disabled
 NUMA Support: Disabled
 Compressed Oops: Enabled (Zero based)
 Heap Region Size: 2M
 Heap Min Capacity: 8M
 Heap Initial Capacity: 192M
 Heap Max Capacity: 3054M
 Pre-touch: Disabled
 Parallel Workers: 4
 Concurrent Workers: 1
 Concurrent Refinement Workers: 4
 Periodic GC: Disabled

Heap:
 garbage-first heap   total 196608K, used 4096K [0x0000000741200000, 0x0000000800000000)
  region size 2048K, 3 young (6144K), 0 survivors (0K)
 Metaspace       used 8289K, committed 8448K, reserved 1064960K
  class space    used 986K, committed 1024K, reserved 1048576K

Heap Regions: E=young(eden), S=young(survivor), O=old, HS=humongous(starts), HC=humongous(continues), CS=collection set, F=free, OA=open archive, CA=closed archive, TAMS=top-at-mark-start (previous, next)
|   0|0x0000000741200000, 0x0000000741200000, 0x0000000741400000|  0%| F|  |TAMS 0x0000000741200000, 0x0000000741200000| Untracked 
|   1|0x0000000741400000, 0x0000000741400000, 0x0000000741600000|  0%| F|  |TAMS 0x0000000741400000, 0x0000000741400000| Untracked 
|   2|0x0000000741600000, 0x0000000741600000, 0x0000000741800000|  0%| F|  |TAMS 0x0000000741600000, 0x0000000741600000| Untracked 
|   3|0x0000000741800000, 0x0000000741800000, 0x0000000741a00000|  0%| F|  |TAMS 0x0000000741800000, 0x0000000741800000| Untracked 
|   4|0x0000000741a00000, 0x0000000741a00000, 0x0000000741c00000|  0%| F|  |TAMS 0x0000000741a00000, 0x0000000741a00000| Untracked 
|   5|0x0000000741c00000, 0x0000000741c00000, 0x0000000741e00000|  0%| F|  |TAMS 0x0000000741c00000, 0x0000000741c00000| Untracked 
|   6|0x0000000741e00000, 0x0000000741e00000, 0x0000000742000000|  0%| F|  |TAMS 0x0000000741e00000, 0x0000000741e00000| Untracked 
|   7|0x0000000742000000, 0x0000000742000000, 0x0000000742200000|  0%| F|  |TAMS 0x0000000742000000, 0x0000000742000000| Untracked 
|   8|0x0000000742200000, 0x0000000742200000, 0x0000000742400000|  0%| F|  |TAMS 0x0000000742200000, 0x0000000742200000| Untracked 
|   9|0x0000000742400000, 0x0000000742400000, 0x0000000742600000|  0%| F|  |TAMS 0x0000000742400000, 0x0000000742400000| Untracked 
|  10|0x0000000742600000, 0x0000000742600000, 0x0000000742800000|  0%| F|  |TAMS 0x0000000742600000, 0x0000000742600000| Untracked 
|  11|0x0000000742800000, 0x0000000742800000, 0x0000000742a00000|  0%| F|  |TAMS 0x0000000742800000, 0x0000000742800000| Untracked 
|  12|0x0000000742a00000, 0x0000000742a00000, 0x0000000742c00000|  0%| F|  |TAMS 0x0000000742a00000, 0x0000000742a00000| Untracked 
|  13|0x0000000742c00000, 0x0000000742c00000, 0x0000000742e00000|  0%| F|  |TAMS 0x0000000742c00000, 0x0000000742c00000| Untracked 
|  14|0x0000000742e00000, 0x0000000742e00000, 0x0000000743000000|  0%| F|  |TAMS 0x0000000742e00000, 0x0000000742e00000| Untracked 
|  15|0x0000000743000000, 0x0000000743000000, 0x0000000743200000|  0%| F|  |TAMS 0x0000000743000000, 0x0000000743000000| Untracked 
|  16|0x0000000743200000, 0x0000000743200000, 0x0000000743400000|  0%| F|  |TAMS 0x0000000743200000, 0x0000000743200000| Untracked 
|  17|0x0000000743400000, 0x0000000743400000, 0x0000000743600000|  0%| F|  |TAMS 0x0000000743400000, 0x0000000743400000| Untracked 
|  18|0x0000000743600000, 0x0000000743600000, 0x0000000743800000|  0%| F|  |TAMS 0x0000000743600000, 0x0000000743600000| Untracked 
|  19|0x0000000743800000, 0x0000000743800000, 0x0000000743a00000|  0%| F|  |TAMS 0x0000000743800000, 0x0000000743800000| Untracked 
|  20|0x0000000743a00000, 0x0000000743a00000, 0x0000000743c00000|  0%| F|  |TAMS 0x0000000743a00000, 0x0000000743a00000| Untracked 
|  21|0x0000000743c00000, 0x0000000743c00000, 0x0000000743e00000|  0%| F|  |TAMS 0x0000000743c00000, 0x0000000743c00000| Untracked 
|  22|0x0000000743e00000, 0x0000000743e00000, 0x0000000744000000|  0%| F|  |TAMS 0x0000000743e00000, 0x0000000743e00000| Untracked 
|  23|0x0000000744000000, 0x0000000744000000, 0x0000000744200000|  0%| F|  |TAMS 0x0000000744000000, 0x0000000744000000| Untracked 
|  24|0x0000000744200000, 0x0000000744200000, 0x0000000744400000|  0%| F|  |TAMS 0x0000000744200000, 0x0000000744200000| Untracked 
|  25|0x0000000744400000, 0x0000000744400000, 0x0000000744600000|  0%| F|  |TAMS 0x0000000744400000, 0x0000000744400000| Untracked 
|  26|0x0000000744600000, 0x0000000744600000, 0x0000000744800000|  0%| F|  |TAMS 0x0000000744600000, 0x0000000744600000| Untracked 
|  27|0x0000000744800000, 0x0000000744800000, 0x0000000744a00000|  0%| F|  |TAMS 0x0000000744800000, 0x0000000744800000| Untracked 
|  28|0x0000000744a00000, 0x0000000744a00000, 0x0000000744c00000|  0%| F|  |TAMS 0x0000000744a00000, 0x0000000744a00000| Untracked 
|  29|0x0000000744c00000, 0x0000000744c00000, 0x0000000744e00000|  0%| F|  |TAMS 0x0000000744c00000, 0x0000000744c00000| Untracked 
|  30|0x0000000744e00000, 0x0000000744e00000, 0x0000000745000000|  0%| F|  |TAMS 0x0000000744e00000, 0x0000000744e00000| Untracked 
|  31|0x0000000745000000, 0x0000000745000000, 0x0000000745200000|  0%| F|  |TAMS 0x0000000745000000, 0x0000000745000000| Untracked 
|  32|0x0000000745200000, 0x0000000745200000, 0x0000000745400000|  0%| F|  |TAMS 0x0000000745200000, 0x0000000745200000| Untracked 
|  33|0x0000000745400000, 0x0000000745400000, 0x0000000745600000|  0%| F|  |TAMS 0x0000000745400000, 0x0000000745400000| Untracked 
|  34|0x0000000745600000, 0x0000000745600000, 0x0000000745800000|  0%| F|  |TAMS 0x0000000745600000, 0x0000000745600000| Untracked 
|  35|0x0000000745800000, 0x0000000745800000, 0x0000000745a00000|  0%| F|  |TAMS 0x0000000745800000, 0x0000000745800000| Untracked 
|  36|0x0000000745a00000, 0x0000000745a00000, 0x0000000745c00000|  0%| F|  |TAMS 0x0000000745a00000, 0x0000000745a00000| Untracked 
|  37|0x0000000745c00000, 0x0000000745c00000, 0x0000000745e00000|  0%| F|  |TAMS 0x0000000745c00000, 0x0000000745c00000| Untracked 
|  38|0x0000000745e00000, 0x0000000745e00000, 0x0000000746000000|  0%| F|  |TAMS 0x0000000745e00000, 0x0000000745e00000| Untracked 
|  39|0x0000000746000000, 0x0000000746000000, 0x0000000746200000|  0%| F|  |TAMS 0x0000000746000000, 0x0000000746000000| Untracked 
|  40|0x0000000746200000, 0x0000000746200000, 0x0000000746400000|  0%| F|  |TAMS 0x0000000746200000, 0x0000000746200000| Untracked 
|  41|0x0000000746400000, 0x0000000746400000, 0x0000000746600000|  0%| F|  |TAMS 0x0000000746400000, 0x0000000746400000| Untracked 
|  42|0x0000000746600000, 0x0000000746600000, 0x0000000746800000|  0%| F|  |TAMS 0x0000000746600000, 0x0000000746600000| Untracked 
|  43|0x0000000746800000, 0x0000000746800000, 0x0000000746a00000|  0%| F|  |TAMS 0x0000000746800000, 0x0000000746800000| Untracked 
|  44|0x0000000746a00000, 0x0000000746a00000, 0x0000000746c00000|  0%| F|  |TAMS 0x0000000746a00000, 0x0000000746a00000| Untracked 
|  45|0x0000000746c00000, 0x0000000746c00000, 0x0000000746e00000|  0%| F|  |TAMS 0x0000000746c00000, 0x0000000746c00000| Untracked 
|  46|0x0000000746e00000, 0x0000000746e00000, 0x0000000747000000|  0%| F|  |TAMS 0x0000000746e00000, 0x0000000746e00000| Untracked 
|  47|0x0000000747000000, 0x0000000747000000, 0x0000000747200000|  0%| F|  |TAMS 0x0000000747000000, 0x0000000747000000| Untracked 
|  48|0x0000000747200000, 0x0000000747200000, 0x0000000747400000|  0%| F|  |TAMS 0x0000000747200000, 0x0000000747200000| Untracked 
|  49|0x0000000747400000, 0x0000000747400000, 0x0000000747600000|  0%| F|  |TAMS 0x0000000747400000, 0x0000000747400000| Untracked 
|  50|0x0000000747600000, 0x0000000747600000, 0x0000000747800000|  0%| F|  |TAMS 0x0000000747600000, 0x0000000747600000| Untracked 
|  51|0x0000000747800000, 0x0000000747800000, 0x0000000747a00000|  0%| F|  |TAMS 0x0000000747800000, 0x0000000747800000| Untracked 
|  52|0x0000000747a00000, 0x0000000747a00000, 0x0000000747c00000|  0%| F|  |TAMS 0x0000000747a00000, 0x0000000747a00000| Untracked 
|  53|0x0000000747c00000, 0x0000000747c00000, 0x0000000747e00000|  0%| F|  |TAMS 0x0000000747c00000, 0x0000000747c00000| Untracked 
|  54|0x0000000747e00000, 0x0000000747e00000, 0x0000000748000000|  0%| F|  |TAMS 0x0000000747e00000, 0x0000000747e00000| Untracked 
|  55|0x0000000748000000, 0x0000000748000000, 0x0000000748200000|  0%| F|  |TAMS 0x0000000748000000, 0x0000000748000000| Untracked 
|  56|0x0000000748200000, 0x0000000748200000, 0x0000000748400000|  0%| F|  |TAMS 0x0000000748200000, 0x0000000748200000| Untracked 
|  57|0x0000000748400000, 0x0000000748400000, 0x0000000748600000|  0%| F|  |TAMS 0x0000000748400000, 0x0000000748400000| Untracked 
|  58|0x0000000748600000, 0x0000000748600000, 0x0000000748800000|  0%| F|  |TAMS 0x0000000748600000, 0x0000000748600000| Untracked 
|  59|0x0000000748800000, 0x0000000748800000, 0x0000000748a00000|  0%| F|  |TAMS 0x0000000748800000, 0x0000000748800000| Untracked 
|  60|0x0000000748a00000, 0x0000000748a00000, 0x0000000748c00000|  0%| F|  |TAMS 0x0000000748a00000, 0x0000000748a00000| Untracked 
|  61|0x0000000748c00000, 0x0000000748c00000, 0x0000000748e00000|  0%| F|  |TAMS 0x0000000748c00000, 0x0000000748c00000| Untracked 
|  62|0x0000000748e00000, 0x0000000748e00000, 0x0000000749000000|  0%| F|  |TAMS 0x0000000748e00000, 0x0000000748e00000| Untracked 
|  63|0x0000000749000000, 0x0000000749000000, 0x0000000749200000|  0%| F|  |TAMS 0x0000000749000000, 0x0000000749000000| Untracked 
|  64|0x0000000749200000, 0x0000000749200000, 0x0000000749400000|  0%| F|  |TAMS 0x0000000749200000, 0x0000000749200000| Untracked 
|  65|0x0000000749400000, 0x0000000749400000, 0x0000000749600000|  0%| F|  |TAMS 0x0000000749400000, 0x0000000749400000| Untracked 
|  66|0x0000000749600000, 0x0000000749600000, 0x0000000749800000|  0%| F|  |TAMS 0x0000000749600000, 0x0000000749600000| Untracked 
|  67|0x0000000749800000, 0x0000000749800000, 0x0000000749a00000|  0%| F|  |TAMS 0x0000000749800000, 0x0000000749800000| Untracked 
|  68|0x0000000749a00000, 0x0000000749a00000, 0x0000000749c00000|  0%| F|  |TAMS 0x0000000749a00000, 0x0000000749a00000| Untracked 
|  69|0x0000000749c00000, 0x0000000749c00000, 0x0000000749e00000|  0%| F|  |TAMS 0x0000000749c00000, 0x0000000749c00000| Untracked 
|  70|0x0000000749e00000, 0x0000000749e00000, 0x000000074a000000|  0%| F|  |TAMS 0x0000000749e00000, 0x0000000749e00000| Untracked 
|  71|0x000000074a000000, 0x000000074a000000, 0x000000074a200000|  0%| F|  |TAMS 0x000000074a000000, 0x000000074a000000| Untracked 
|  72|0x000000074a200000, 0x000000074a200000, 0x000000074a400000|  0%| F|  |TAMS 0x000000074a200000, 0x000000074a200000| Untracked 
|  73|0x000000074a400000, 0x000000074a400000, 0x000000074a600000|  0%| F|  |TAMS 0x000000074a400000, 0x000000074a400000| Untracked 
|  74|0x000000074a600000, 0x000000074a600000, 0x000000074a800000|  0%| F|  |TAMS 0x000000074a600000, 0x000000074a600000| Untracked 
|  75|0x000000074a800000, 0x000000074a800000, 0x000000074aa00000|  0%| F|  |TAMS 0x000000074a800000, 0x000000074a800000| Untracked 
|  76|0x000000074aa00000, 0x000000074aa00000, 0x000000074ac00000|  0%| F|  |TAMS 0x000000074aa00000, 0x000000074aa00000| Untracked 
|  77|0x000000074ac00000, 0x000000074ac00000, 0x000000074ae00000|  0%| F|  |TAMS 0x000000074ac00000, 0x000000074ac00000| Untracked 
|  78|0x000000074ae00000, 0x000000074ae00000, 0x000000074b000000|  0%| F|  |TAMS 0x000000074ae00000, 0x000000074ae00000| Untracked 
|  79|0x000000074b000000, 0x000000074b000000, 0x000000074b200000|  0%| F|  |TAMS 0x000000074b000000, 0x000000074b000000| Untracked 
|  80|0x000000074b200000, 0x000000074b200000, 0x000000074b400000|  0%| F|  |TAMS 0x000000074b200000, 0x000000074b200000| Untracked 
|  81|0x000000074b400000, 0x000000074b400000, 0x000000074b600000|  0%| F|  |TAMS 0x000000074b400000, 0x000000074b400000| Untracked 
|  82|0x000000074b600000, 0x000000074b600000, 0x000000074b800000|  0%| F|  |TAMS 0x000000074b600000, 0x000000074b600000| Untracked 
|  83|0x000000074b800000, 0x000000074b800000, 0x000000074ba00000|  0%| F|  |TAMS 0x000000074b800000, 0x000000074b800000| Untracked 
|  84|0x000000074ba00000, 0x000000074ba00000, 0x000000074bc00000|  0%| F|  |TAMS 0x000000074ba00000, 0x000000074ba00000| Untracked 
|  85|0x000000074bc00000, 0x000000074bc00000, 0x000000074be00000|  0%| F|  |TAMS 0x000000074bc00000, 0x000000074bc00000| Untracked 
|  86|0x000000074be00000, 0x000000074be00000, 0x000000074c000000|  0%| F|  |TAMS 0x000000074be00000, 0x000000074be00000| Untracked 
|  87|0x000000074c000000, 0x000000074c000000, 0x000000074c200000|  0%| F|  |TAMS 0x000000074c000000, 0x000000074c000000| Untracked 
|  88|0x000000074c200000, 0x000000074c200000, 0x000000074c400000|  0%| F|  |TAMS 0x000000074c200000, 0x000000074c200000| Untracked 
|  89|0x000000074c400000, 0x000000074c400000, 0x000000074c600000|  0%| F|  |TAMS 0x000000074c400000, 0x000000074c400000| Untracked 
|  90|0x000000074c600000, 0x000000074c600000, 0x000000074c800000|  0%| F|  |TAMS 0x000000074c600000, 0x000000074c600000| Untracked 
|  91|0x000000074c800000, 0x000000074c800000, 0x000000074ca00000|  0%| F|  |TAMS 0x000000074c800000, 0x000000074c800000| Untracked 
|  92|0x000000074ca00000, 0x000000074ca00000, 0x000000074cc00000|  0%| F|  |TAMS 0x000000074ca00000, 0x000000074ca00000| Untracked 
|  93|0x000000074cc00000, 0x000000074cdee588, 0x000000074ce00000| 96%| E|  |TAMS 0x000000074cc00000, 0x000000074cc00000| Complete 
|  94|0x000000074ce00000, 0x000000074d000000, 0x000000074d000000|100%| E|CS|TAMS 0x000000074ce00000, 0x000000074ce00000| Complete 
|  95|0x000000074d000000, 0x000000074d200000, 0x000000074d200000|100%| E|CS|TAMS 0x000000074d000000, 0x000000074d000000| Complete 

Card table byte_map: [0x0000027fa36e0000,0x0000027fa3ce0000] _byte_map_base: 0x0000027f9fcd7000

Marking Bits (Prev, Next): (CMBitMap*) 0x0000027f8c99dd70, (CMBitMap*) 0x0000027f8c99ddb0
 Prev Bits: [0x0000027fa42e0000, 0x0000027fa7298000)
 Next Bits: [0x0000027fa72a0000, 0x0000027faa258000)

Polling page: 0x0000027f8a960000

Metaspace:

Usage:
  Non-class:      7.14 MB used.
      Class:    986.62 KB used.
       Both:      8.11 MB used.

Virtual space:
  Non-class space:       16.00 MB reserved,       7.25 MB ( 45%) committed,  2 nodes.
      Class space:        1.00 GB reserved,       1.00 MB ( <1%) committed,  1 nodes.
              Both:        1.02 GB reserved,       8.25 MB ( <1%) committed. 

Chunk freelists:
   Non-Class:  4.00 MB
       Class:  3.00 MB
        Both:  7.00 MB

MaxMetaspaceSize: 17179869184.00 GB
CompressedClassSpaceSize: 1.00 GB
 - commit_granule_bytes: 65536.
 - commit_granule_words: 8192.
 - virtual_space_node_default_size: 1048576.
 - enlarge_chunks_in_place: 1.
 - new_chunks_are_fully_committed: 0.
 - uncommit_free_chunks: 1.
 - use_allocation_guard: 0.
 - handle_deallocations: 1.


Internal statistics:

num_allocs_failed_limit: 0.
num_arena_births: 94.
num_arena_deaths: 0.
num_vsnodes_births: 3.
num_vsnodes_deaths: 0.
num_space_committed: 132.
num_space_uncommitted: 0.
num_chunks_returned_to_freelist: 0.
num_chunks_taken_from_freelist: 126.
num_chunk_merges: 0.
num_chunk_splits: 76.
num_chunks_enlarged: 39.
num_purges: 0.

CodeHeap 'non-profiled nmethods': size=120000Kb used=173Kb max_used=173Kb free=119826Kb
 bounds [0x0000027f9bbb0000, 0x0000027f9be20000, 0x0000027fa30e0000]
CodeHeap 'profiled nmethods': size=120000Kb used=982Kb max_used=982Kb free=119017Kb
 bounds [0x0000027f94680000, 0x0000027f948f0000, 0x0000027f9bbb0000]
CodeHeap 'non-nmethods': size=5760Kb used=1230Kb max_used=1247Kb free=4529Kb
 bounds [0x0000027f940e0000, 0x0000027f94350000, 0x0000027f94680000]
 total_blobs=1203 nmethods=664 adapters=452
 compilation: enabled
              stopped_count=0, restarted_count=0
 full_count=0

Compilation events (20 events):
Event: 0.388 Thread 0x0000027fac7175d0  563       3       java.util.Objects::hashCode (13 bytes)
Event: 0.388 Thread 0x0000027fac7175d0 nmethod 563 0x0000027f9474ee10 code [0x0000027f9474efc0, 0x0000027f9474f1e8]
Event: 0.388 Thread 0x0000027fac7175d0  572       3       javax.swing.plaf.nimbus.NimbusLookAndFeel::addDefault (70 bytes)
Event: 0.389 Thread 0x0000027fac7175d0 nmethod 572 0x0000027f9474f290 code [0x0000027f9474f4a0, 0x0000027f9474fc18]
Event: 0.389 Thread 0x0000027fac7175d0  570       1       java.util.Hashtable$Entry::getValue (5 bytes)
Event: 0.389 Thread 0x0000027fac7175d0 nmethod 570 0x0000027f9bbd2e10 code [0x0000027f9bbd2fa0, 0x0000027f9bbd3078]
Event: 0.389 Thread 0x0000027fac7175d0  564       3       java.util.Hashtable$Enumerator::hasNext (5 bytes)
Event: 0.389 Thread 0x0000027fac7175d0 nmethod 564 0x0000027f9474fe90 code [0x0000027f94750040, 0x0000027f94750188]
Event: 0.389 Thread 0x0000027fac7175d0  566       3       java.util.Hashtable$Enumerator::next (27 bytes)
Event: 0.389 Thread 0x0000027fac7175d0 nmethod 566 0x0000027f94750210 code [0x0000027f947503e0, 0x0000027f947505d8]
Event: 0.389 Thread 0x0000027fac7175d0  567       3       java.util.Hashtable$Enumerator::nextElement (111 bytes)
Event: 0.390 Thread 0x0000027fac7175d0 nmethod 567 0x0000027f94750710 code [0x0000027f94750900, 0x0000027f94750e08]
Event: 0.390 Thread 0x0000027fac7175d0  568       3       java.util.Hashtable$Entry::hashCode (13 bytes)
Event: 0.390 Thread 0x0000027fac7175d0 nmethod 568 0x0000027f94750f90 code [0x0000027f94751140, 0x0000027f947513e8]
Event: 0.390 Thread 0x0000027fac7175d0  560       3       java.util.ResourceBundle::getObject (82 bytes)
Event: 0.391 Thread 0x0000027fac7175d0 nmethod 560 0x0000027f94751510 code [0x0000027f947517c0, 0x0000027f947522f8]
Event: 0.391 Thread 0x0000027fac7175d0  561       3       java.util.ListResourceBundle::handleGetObject (34 bytes)
Event: 0.391 Thread 0x0000027fac7175d0 nmethod 561 0x0000027f94752710 code [0x0000027f947528e0, 0x0000027f94752c48]
Event: 0.391 Thread 0x0000027fac7175d0  574       1       java.beans.PropertyChangeEvent::getPropertyName (5 bytes)
Event: 0.391 Thread 0x0000027fac7175d0 nmethod 574 0x0000027f9bbd3110 code [0x0000027f9bbd32a0, 0x0000027f9bbd3378]

GC Heap History (0 events):
No events

Deoptimization events (0 events):
No events

Classes unloaded (0 events):
No events

Classes redefined (0 events):
No events

Internal exceptions (20 events):
Event: 0.350 Thread 0x0000027f8c959ec0 Exception <a 'java/lang/ClassNotFoundException'{0x000000074cc3c728}: PasswordField> (0x000000074cc3c728) 
thrown [t:\workspace\open\src\hotspot\share\classfile\systemDictionary.cpp, line 256]
Event: 0.350 Thread 0x0000027f8c959ec0 Exception <a 'java/lang/ClassNotFoundException'{0x000000074cc3cc80}: TextArea> (0x000000074cc3cc80) 
thrown [t:\workspace\open\src\hotspot\share\classfile\systemDictionary.cpp, line 256]
Event: 0.351 Thread 0x0000027f8c959ec0 Exception <a 'java/lang/ClassNotFoundException'{0x000000074cc3d5c0}: TextPane> (0x000000074cc3d5c0) 
thrown [t:\workspace\open\src\hotspot\share\classfile\systemDictionary.cpp, line 256]
Event: 0.351 Thread 0x0000027f8c959ec0 Exception <a 'java/lang/ClassNotFoundException'{0x000000074cc3da28}: EditorPane> (0x000000074cc3da28) 
thrown [t:\workspace\open\src\hotspot\share\classfile\systemDictionary.cpp, line 256]
Event: 0.352 Thread 0x0000027f8c959ec0 Exception <a 'java/lang/ClassNotFoundException'{0x000000074cc3e5f0}: ToolBar> (0x000000074cc3e5f0) 
thrown [t:\workspace\open\src\hotspot\share\classfile\systemDictionary.cpp, line 256]
Event: 0.352 Thread 0x0000027f8c959ec0 Exception <a 'java/lang/ClassNotFoundException'{0x000000074cc3eae8}: ToolBar> (0x000000074cc3eae8) 
thrown [t:\workspace\open\src\hotspot\share\classfile\systemDictionary.cpp, line 256]
Event: 0.352 Thread 0x0000027f8c959ec0 Exception <a 'java/lang/ClassNotFoundException'{0x000000074cc3ee48}: Button> (0x000000074cc3ee48) 
thrown [t:\workspace\open\src\hotspot\share\classfile\systemDictionary.cpp, line 256]
Event: 0.352 Thread 0x0000027f8c959ec0 Exception <a 'java/lang/ClassNotFoundException'{0x000000074cc3f310}: ToolBar> (0x000000074cc3f310) 
thrown [t:\workspace\open\src\hotspot\share\classfile\systemDictionary.cpp, line 256]
Event: 0.352 Thread 0x0000027f8c959ec0 Exception <a 'java/lang/ClassNotFoundException'{0x000000074cc3f680}: ToggleButton> (0x000000074cc3f680) 
thrown [t:\workspace\open\src\hotspot\share\classfile\systemDictionary.cpp, line 256]
Event: 0.352 Thread 0x0000027f8c959ec0 Exception <a 'java/lang/ClassNotFoundException'{0x000000074cc3fac0}: javax/swing/JToolBarSeparator> (0x000000074cc3fac0) 
thrown [t:\workspace\open\src\hotspot\share\classfile\systemDictionary.cpp, line 256]
Event: 0.352 Thread 0x0000027f8c959ec0 Exception <a 'java/lang/ClassNotFoundException'{0x000000074cc3fdc8}: ToolBarSeparator> (0x000000074cc3fdc8) 
thrown [t:\workspace\open\src\hotspot\share\classfile\systemDictionary.cpp, line 256]
Event: 0.352 Thread 0x0000027f8c959ec0 Exception <a 'java/lang/ClassNotFoundException'{0x000000074cc402e0}: ToolTip> (0x000000074cc402e0) 
thrown [t:\workspace\open\src\hotspot\share\classfile\systemDictionary.cpp, line 256]
Event: 0.353 Thread 0x0000027f8c959ec0 Exception <a 'java/lang/ClassNotFoundException'{0x000000074cc40c30}: Tree> (0x000000074cc40c30) 
thrown [t:\workspace\open\src\hotspot\share\classfile\systemDictionary.cpp, line 256]
Event: 0.353 Thread 0x0000027f8c959ec0 Exception <a 'java/lang/ClassNotFoundException'{0x000000074cc41128}: Tree> (0x000000074cc41128) 
thrown [t:\workspace\open\src\hotspot\share\classfile\systemDictionary.cpp, line 256]
Event: 0.353 Thread 0x0000027f8c959ec0 Exception <a 'java/lang/ClassNotFoundException'{0x000000074cc41498}: javax/swing/JTreeCell> (0x000000074cc41498) 
thrown [t:\workspace\open\src\hotspot\share\classfile\systemDictionary.cpp, line 256]
Event: 0.353 Thread 0x0000027f8c959ec0 Exception <a 'java/lang/ClassNotFoundException'{0x000000074cc41798}: TreeCell> (0x000000074cc41798) 
thrown [t:\workspace\open\src\hotspot\share\classfile\systemDictionary.cpp, line 256]
Event: 0.354 Thread 0x0000027f8c959ec0 Exception <a 'java/lang/ClassNotFoundException'{0x000000074cc41f58}: RootPane> (0x000000074cc41f58) 
thrown [t:\workspace\open\src\hotspot\share\classfile\systemDictionary.cpp, line 256]
Event: 0.355 Thread 0x0000027f8c959ec0 Exception <a 'java/lang/ClassNotFoundException'{0x000000074cc44da8}: com/sun/swing/internal/plaf/metal/resources/spi/metalProvider> (0x000000074cc44da8) 
thrown [t:\workspace\open\src\hotspot\share\classfile\systemDictionary.cpp, line 256]
Event: 0.356 Thread 0x0000027f8c959ec0 Exception <a 'java/lang/ClassNotFoundException'{0x000000074cc48b38}: com/sun/swing/internal/plaf/basic/resources/spi/basicProvider> (0x000000074cc48b38) 
thrown [t:\workspace\open\src\hotspot\share\classfile\systemDictionary.cpp, line 256]
Event: 0.379 Thread 0x0000027fad4b8830 Exception <a 'java/lang/ClassNotFoundException'{0x000000074ccd38f0}: com/sun/swing/internal/plaf/synth/resources/spi/synthProvider> (0x000000074ccd38f0) 
thrown [t:\workspace\open\src\hotspot\share\classfile\systemDictionary.cpp, line 256]

Events (20 events):
Event: 0.391 loading class javax/swing/JRootPane$RootLayout
Event: 0.391 loading class javax/swing/JRootPane$RootLayout done
Event: 0.391 loading class javax/swing/RepaintManager$PaintManager
Event: 0.391 loading class javax/swing/RepaintManager$PaintManager done
Event: 0.391 loading class javax/swing/FocusManager
Event: 0.391 loading class javax/swing/FocusManager done
Event: 0.391 loading class javax/swing/LayoutFocusTraversalPolicy
Event: 0.391 loading class javax/swing/SortingFocusTraversalPolicy
Event: 0.391 loading class javax/swing/InternalFrameFocusTraversalPolicy
Event: 0.392 loading class javax/swing/InternalFrameFocusTraversalPolicy done
Event: 0.392 loading class javax/swing/SortingFocusTraversalPolicy done
Event: 0.392 loading class javax/swing/LayoutFocusTraversalPolicy done
Event: 0.392 loading class javax/swing/SwingContainerOrderFocusTraversalPolicy
Event: 0.392 loading class javax/swing/SwingContainerOrderFocusTraversalPolicy done
Event: 0.392 loading class javax/swing/SwingDefaultFocusTraversalPolicy
Event: 0.392 loading class javax/swing/SwingDefaultFocusTraversalPolicy done
Event: 0.392 loading class javax/swing/LayoutComparator
Event: 0.392 loading class javax/swing/LayoutComparator done
Event: 0.392 loading class javax/swing/plaf/synth/SynthRootPaneUI
Event: 0.392 loading class javax/swing/plaf/basic/BasicRootPaneUI


Dynamic libraries:
0x00007ff726b50000 - 0x00007ff726b60000 	C:\Program Files\Java\jdk-16.0.1\bin\java.exe
0x00007ff93bcf0000 - 0x00007ff93bee5000 	C:\Windows\SYSTEM32\ntdll.dll
0x00007ff93b560000 - 0x00007ff93b61d000 	C:\Windows\System32\KERNEL32.DLL
0x00007ff9399a0000 - 0x00007ff939c68000 	C:\Windows\System32\KERNELBASE.dll
0x00007ff939640000 - 0x00007ff939740000 	C:\Windows\System32\ucrtbase.dll
0x00007ff934300000 - 0x00007ff934319000 	C:\Program Files\Java\jdk-16.0.1\bin\VCRUNTIME140.dll
0x00007ff936ce0000 - 0x00007ff936cf8000 	C:\Program Files\Java\jdk-16.0.1\bin\jli.dll
0x00007ff93bc00000 - 0x00007ff93bcac000 	C:\Windows\System32\ADVAPI32.dll
0x00007ff93a650000 - 0x00007ff93a6ee000 	C:\Windows\System32\msvcrt.dll
0x00007ff93a010000 - 0x00007ff93a0ab000 	C:\Windows\System32\sechost.dll
0x00007ff939ee0000 - 0x00007ff93a00b000 	C:\Windows\System32\RPCRT4.dll
0x00007ff93aa60000 - 0x00007ff93ac00000 	C:\Windows\System32\USER32.dll
0x00007ff939c70000 - 0x00007ff939c92000 	C:\Windows\System32\win32u.dll
0x00007ff93aa30000 - 0x00007ff93aa5a000 	C:\Windows\System32\GDI32.dll
0x00007ff9394d0000 - 0x00007ff9395db000 	C:\Windows\System32\gdi32full.dll
0x00007ff939430000 - 0x00007ff9394cd000 	C:\Windows\System32\msvcp_win.dll
0x00007ff9387f0000 - 0x00007ff938a8a000 	C:\Windows\WinSxS\amd64_microsoft.windows.common-controls_6595b64144ccf1df_6.0.19041.844_none_ca00b6081b84eb1d\COMCTL32.dll
0x00007ff92abe0000 - 0x00007ff92abea000 	C:\Windows\SYSTEM32\VERSION.dll
0x00007ff93a930000 - 0x00007ff93a960000 	C:\Windows\System32\IMM32.DLL
0x00007ff9342f0000 - 0x00007ff9342fc000 	C:\Program Files\Java\jdk-16.0.1\bin\vcruntime140_1.dll
0x00007ff908f00000 - 0x00007ff908f91000 	C:\Program Files\Java\jdk-16.0.1\bin\msvcp140.dll
0x00007ff909120000 - 0x00007ff909ccb000 	C:\Program Files\Java\jdk-16.0.1\bin\server\jvm.dll
0x00007ff93b550000 - 0x00007ff93b558000 	C:\Windows\System32\PSAPI.DLL
0x00007ff92ac50000 - 0x00007ff92ac77000 	C:\Windows\SYSTEM32\WINMM.dll
0x00007ff934360000 - 0x00007ff934369000 	C:\Windows\SYSTEM32\WSOCK32.dll
0x00007ff93a960000 - 0x00007ff93a9cb000 	C:\Windows\System32\WS2_32.dll
0x00007ff9366f0000 - 0x00007ff936702000 	C:\Windows\SYSTEM32\kernel.appcore.dll
0x00007ff92efe0000 - 0x00007ff92efea000 	C:\Program Files\Java\jdk-16.0.1\bin\jimage.dll
0x00007ff938de0000 - 0x00007ff938fc4000 	C:\Windows\SYSTEM32\DBGHELP.DLL
0x00007ff938d30000 - 0x00007ff938d5c000 	C:\Windows\SYSTEM32\dbgcore.DLL
0x00007ff939ca0000 - 0x00007ff939d20000 	C:\Windows\System32\bcryptPrimitives.dll
0x00007ff9301e0000 - 0x00007ff930205000 	C:\Program Files\Java\jdk-16.0.1\bin\java.dll
0x00007ff93ac00000 - 0x00007ff93b342000 	C:\Windows\System32\SHELL32.dll
0x00007ff936f20000 - 0x00007ff9376b1000 	C:\Windows\SYSTEM32\windows.storage.dll
0x00007ff93b780000 - 0x00007ff93bad5000 	C:\Windows\System32\combase.dll
0x00007ff938750000 - 0x00007ff93877c000 	C:\Windows\SYSTEM32\Wldp.dll
0x00007ff93a5a0000 - 0x00007ff93a64e000 	C:\Windows\System32\SHCORE.dll
0x00007ff939e80000 - 0x00007ff939ed5000 	C:\Windows\System32\shlwapi.dll
0x00007ff939370000 - 0x00007ff93938f000 	C:\Windows\SYSTEM32\profapi.dll
0x00007ff92efc0000 - 0x00007ff92efd9000 	C:\Program Files\Java\jdk-16.0.1\bin\net.dll
0x00007ff92f4b0000 - 0x00007ff92f5bb000 	C:\Windows\SYSTEM32\WINHTTP.dll
0x00007ff938630000 - 0x00007ff93869a000 	C:\Windows\system32\mswsock.dll
0x00007ff92efa0000 - 0x00007ff92efb3000 	C:\Program Files\Java\jdk-16.0.1\bin\nio.dll
0x00007ff92ef20000 - 0x00007ff92ef38000 	C:\Program Files\Java\jdk-16.0.1\bin\zip.dll
0x00007ff908fa0000 - 0x00007ff909120000 	C:\Program Files\Java\jdk-16.0.1\bin\awt.dll
0x00007ff93b420000 - 0x00007ff93b4ed000 	C:\Windows\System32\OLEAUT32.dll
0x00007ff935e30000 - 0x00007ff935ec0000 	C:\Windows\SYSTEM32\apphelp.dll
0x00007ff935f10000 - 0x00007ff935fae000 	C:\Windows\system32\uxtheme.dll
0x00007ff93bae0000 - 0x00007ff93bbf5000 	C:\Windows\System32\MSCTF.dll
0x00007ff939d50000 - 0x00007ff939e7a000 	C:\Windows\System32\ole32.dll
0x00007ff9362b0000 - 0x00007ff9362df000 	C:\Windows\system32\DWMAPI.DLL
0x00007ff908cc0000 - 0x00007ff908d49000 	C:\Program Files\Java\jdk-16.0.1\bin\freetype.dll
0x00007ff908bc0000 - 0x00007ff908cb6000 	C:\Program Files\Java\jdk-16.0.1\bin\harfbuzz.dll
0x00007ff92ed40000 - 0x00007ff92ed52000 	C:\Program Files\Java\jdk-16.0.1\bin\fontmanager.dll
0x00007ff917ac0000 - 0x00007ff917be6000 	C:\Windows\system32\opengl32.dll
0x00007ff917ee0000 - 0x00007ff917f0c000 	C:\Windows\SYSTEM32\GLU32.dll

dbghelp: loaded successfully - version: 4.0.5 - missing functions: none
symbol engine: initialized successfully - sym options: 0x614 - pdb path: .;C:\Program Files\Java\jdk-16.0.1\bin;C:\Windows\SYSTEM32;C:\Windows\WinSxS\amd64_microsoft.windows.common-controls_6595b64144ccf1df_6.0.19041.844_none_ca00b6081b84eb1d;C:\Program Files\Java\jdk-16.0.1\bin\server

VM Arguments:
jvm_args: -Dfile.encoding=UTF-8 
java_command: Home
java_class_path (initial): C:\Program Files\NetBeans-12.4\netbeans\java\modules\ext\AbsoluteLayout.jar;C:\Program Files\NetBeans-12.4\jcalendar-1.4.jar;C:\Program Files (x86)\MySQL\MySQL Connector J\mysql-connector-java-5.1.35-bin.jar;C:\Users\TOSHIBA\Desktop\MetodoTallerP1\build\classes
Launcher Type: SUN_STANDARD

[Global flags]
     intx CICompilerCount                          = 3                                         {product} {ergonomic}
     uint ConcGCThreads                            = 1                                         {product} {ergonomic}
     uint G1ConcRefinementThreads                  = 4                                         {product} {ergonomic}
   size_t G1HeapRegionSize                         = 2097152                                   {product} {ergonomic}
    uintx GCDrainStackTargetSize                   = 64                                        {product} {ergonomic}
   size_t InitialHeapSize                          = 201326592                                 {product} {ergonomic}
   size_t MarkStackSize                            = 4194304                                   {product} {ergonomic}
   size_t MaxHeapSize                              = 3202351104                                {product} {ergonomic}
   size_t MaxNewSize                               = 1920991232                                {product} {ergonomic}
   size_t MinHeapDeltaBytes                        = 2097152                                   {product} {ergonomic}
   size_t MinHeapSize                              = 8388608                                   {product} {ergonomic}
    uintx NonNMethodCodeHeapSize                   = 5832780                                {pd product} {ergonomic}
    uintx NonProfiledCodeHeapSize                  = 122912730                              {pd product} {ergonomic}
    uintx ProfiledCodeHeapSize                     = 122912730                              {pd product} {ergonomic}
    uintx ReservedCodeCacheSize                    = 251658240                              {pd product} {ergonomic}
     bool SegmentedCodeCache                       = true                                      {product} {ergonomic}
   size_t SoftMaxHeapSize                          = 3202351104                             {manageable} {ergonomic}
     bool UseCompressedClassPointers               = true                           {product lp64_product} {ergonomic}
     bool UseCompressedOops                        = true                           {product lp64_product} {ergonomic}
     bool UseG1GC                                  = true                                      {product} {ergonomic}
     bool UseLargePagesIndividualAllocation        = false                                  {pd product} {ergonomic}

Logging:
Log output configuration:
 #0: stdout all=warning uptime,level,tags
 #1: stderr all=off uptime,level,tags

Environment Variables:
PATH=C:\Program Files (x86)\Common Files\Intel\Shared Libraries\redist\intel64\compiler;C:\Program Files\Common Files\Oracle\Java\javapath;C:\Program Files (x86)\Common Files\Oracle\Java\javapath;C:\Windows\system32;C:\Windows;C:\Windows\System32\Wbem;C:\Windows\System32\WindowsPowerShell\v1.0\;C:\Windows\System32\OpenSSH\;C:\Program Files (x86)\QuickTime\QTSystem\;C:\Users\TOSHIBA\AppData\Local\Microsoft\WindowsApps;;C:\Users\TOSHIBA\AppData\Local\Programs\Microsoft VS Code\bin
USERNAME=TOSHIBA
OS=Windows_NT
PROCESSOR_IDENTIFIER=Intel64 Family 6 Model 69 Stepping 1, GenuineIntel



---------------  S Y S T E M  ---------------

OS:
 Windows 10 , 64 bit Build 19041 (10.0.19041.928)
OS uptime: 0 days 0:13 hours

CPU: total 4 (initial active 4) (2 cores per cpu, 2 threads per core) family 6 model 69 stepping 1 microcode 0x25, cx8, cmov, fxsr, ht, mmx, sse, sse2, sse3, ssse3, sse4.1, sse4.2, popcnt, lzcnt, tsc, tscinvbit, avx, avx2, aes, erms, clmul, bmi1, bmi2, fma, vzeroupper, clflush

Memory: 4k page, system-wide physical 12209M (8318M free)
TotalPageFile size 14641M (AvailPageFile size 10485M)
current process WorkingSet (physical memory assigned to process): 56M, peak: 56M
current process commit charge ("private bytes"): 284M, peak: 284M

vm_info: Java HotSpot(TM) 64-Bit Server VM (16.0.1+9-24) for windows-amd64 JRE (16.0.1+9-24), built on Mar 26 2021 19:31:42 by "mach5one" with MS VC++ 16.7 (VS2019)

END.
