#
# A fatal error has been detected by the Java Runtime Environment:
#
#  EXCEPTION_ACCESS_VIOLATION (0xc0000005) at pc=0x00007ffbefc64a90, pid=13064, tid=14188
#
# JRE version: Java(TM) SE Runtime Environment (16.0.1+9) (build 16.0.1+9-24)
# Java VM: Java HotSpot(TM) 64-Bit Server VM (16.0.1+9-24, mixed mode, sharing, tiered, compressed oops, compressed class ptrs, g1 gc, windows-amd64)
# Problematic frame:
# V  [jvm.dll+0x734a90]
#
# No core dump will be written. Minidumps are not enabled by default on client versions of Windows
#
# If you would like to submit a bug report, please visit:
#   https://bugreport.java.com/bugreport/crash.jsp
#

---------------  S U M M A R Y ------------

Command Line: -Dfile.encoding=UTF-8 Home

Host: Intel(R) Core(TM) i7-4510U CPU @ 2.00GHz, 4 cores, 11G,  Windows 10 , 64 bit Build 19041 (10.0.19041.928)
Time: Tue Jul  6 22:47:42 2021 Hora estándar oeste, Sudamérica elapsed time: 1.686514 seconds (0d 0h 0m 1s)

---------------  T H R E A D  ---------------

Current thread (0x0000017e6ac640e0):  JavaThread "C2 CompilerThread0" daemon [_thread_in_vm, id=14188, stack(0x00000048c7c00000,0x00000048c7d00000)]


Current CompileTask:
C2:   1686  637   !   4       javax.swing.UIManager::getLAFState (61 bytes)

Stack: [0x00000048c7c00000,0x00000048c7d00000],  sp=0x00000048c7cff018,  free space=1020k
Native frames: (J=compiled Java code, j=interpreted, Vv=VM code, C=native code)
V  [jvm.dll+0x734a90]


siginfo: EXCEPTION_ACCESS_VIOLATION (0xc0000005), reading address 0x0000000000000000


Register to memory mapping:

RIP=0x00007ffbefc64a90 jvm.dll
RAX=0x0000017e6c6d8b00 points into unknown readable memory: 0x0000017e6c6f4740 | 40 47 6f 6c 7e 01 00 00
RBX=0x00000000000000a0 is an unknown value
RCX=0x0 is NULL
RDX=0x000000000000ffff is an unknown value
RSP=0x00000048c7cff018 is pointing into the stack for thread: 0x0000017e6ac640e0
RBP=0x00000048c7cff180 is pointing into the stack for thread: 0x0000017e6ac640e0
RSI=0x0000017e6b8cee20 points into unknown readable memory: 0x00000048c7cff2e8 | e8 f2 cf c7 48 00 00 00
RDI=0x0000000000000500 is an unknown value
R8 =0x0000000000000083 is an unknown value
R9 =0x000000007ffed000 points into unknown readable memory: 0x00000000546c6148 | 48 61 6c 54 00 00 00 00
R10=0x00000000546c6148 is an unknown value
R11=0xfffffffffe5776b1 is an unknown value
R12=0x0000017e6c6f4760 points into unknown readable memory: 0x00007ffbefdf1808 | 08 18 df ef fb 7f 00 00
R13=0x0 is NULL
R14=0x0000000000000040 is an unknown value
R15=0x0000000000000010 is an unknown value


Registers:
RAX=0x0000017e6c6d8b00, RBX=0x00000000000000a0, RCX=0x0000000000000000, RDX=0x000000000000ffff
RSP=0x00000048c7cff018, RBP=0x00000048c7cff180, RSI=0x0000017e6b8cee20, RDI=0x0000000000000500
R8 =0x0000000000000083, R9 =0x000000007ffed000, R10=0x00000000546c6148, R11=0xfffffffffe5776b1
R12=0x0000017e6c6f4760, R13=0x0000000000000000, R14=0x0000000000000040, R15=0x0000000000000010
RIP=0x00007ffbefc64a90, EFLAGS=0x0000000000010293

Top of Stack: (sp=0x00000048c7cff018)
0x00000048c7cff018:   00007ffbef7060a4 00000048c7cff4a8
0x00000048c7cff028:   00007ffbefcbbe37 0000d776025454fa
0x00000048c7cff038:   0000000000000000 00000048c7cff2e0
0x00000048c7cff048:   00007ffbef6f03ad 0000017e6ac640e0
0x00000048c7cff058:   0000017e6ac640e0 0000000007507000
0x00000048c7cff068:   0000017e5a249228 0000000000000000
0x00000048c7cff078:   00007ffbef7555ab 0000000000000000
0x00000048c7cff088:   0000000000000000 0000017e6aced5f0
0x00000048c7cff098:   0000017e6ac640e0 0000017e00000000
0x00000048c7cff0a8:   0000000000000000 0000000000000000
0x00000048c7cff0b8:   0000000000000000 0000000000000000
0x00000048c7cff0c8:   0000000000000000 ffffffff00000000
0x00000048c7cff0d8:   0000000000000000 000000006ac40a00
0x00000048c7cff0e8:   0000000000000010 0000000000000004
0x00000048c7cff0f8:   0000000000000000 0000017e6ac42b10
0x00000048c7cff108:   000000000000027d 0000017e4b029310 

Instructions: (pc=0x00007ffbefc64a90)
0x00007ffbefc64990:   ff ff ff 48 ff c1 80 3c 08 00 75 f7 48 63 d1 85
0x00007ffbefc649a0:   c9 7e 14 80 38 2f 75 03 c6 00 2e 48 ff c0 48 83
0x00007ffbefc649b0:   ea 01 75 ef 49 8b c0 48 83 c4 28 c3 cc cc cc cc
0x00007ffbefc649c0:   48 89 5c 24 08 48 89 6c 24 10 48 89 74 24 18 57
0x00007ffbefc649d0:   48 83 ec 20 0f b7 51 04 48 8b f1 48 83 c1 06 e8
0x00007ffbefc649e0:   7c 18 07 00 33 d2 8d 58 01 48 63 cb e8 7f a8 f8
0x00007ffbefc649f0:   ff 0f b7 56 04 48 8d 4e 06 44 8b cb 4c 8b c0 48
0x00007ffbefc64a00:   8b f8 e8 a9 11 07 00 48 8b 5c 24 30 48 8b c7 48
0x00007ffbefc64a10:   8b 6c 24 38 48 8b 74 24 40 48 83 c4 20 5f c3 cc
0x00007ffbefc64a20:   48 89 5c 24 18 48 89 74 24 20 57 48 83 ec 20 48
0x00007ffbefc64a30:   8b da 48 8d 71 06 0f b7 51 04 4c 8d 4c 24 30 48
0x00007ffbefc64a40:   8b ce 4c 8d 44 24 38 e8 84 19 07 00 48 63 c8 33
0x00007ffbefc64a50:   d2 48 03 c9 89 03 e8 15 a8 f8 ff 44 8b 03 48 8b
0x00007ffbefc64a60:   f8 45 85 c0 7e 0e 48 8b d0 48 8b ce e8 df 0d 07
0x00007ffbefc64a70:   00 48 8b c7 48 8b 5c 24 40 48 8b 74 24 48 48 83
0x00007ffbefc64a80:   c4 20 5f c3 cc cc cc cc cc cc cc cc cc cc cc cc
0x00007ffbefc64a90:   8b 01 0f b7 d0 81 fa ff ff 00 00 74 1b 0f 1f 00
0x00007ffbefc64aa0:   85 d2 74 14 8d 50 ff f0 0f b1 11 74 0b 0f b7 d0
0x00007ffbefc64ab0:   81 fa ff ff 00 00 75 e8 c3 cc cc cc cc cc cc cc
0x00007ffbefc64ac0:   8b 01 0f b7 d0 81 fa ff ff 00 00 74 1b 0f 1f 00
0x00007ffbefc64ad0:   85 d2 74 14 8d 50 01 f0 0f b1 11 74 0b 0f b7 d0
0x00007ffbefc64ae0:   81 fa ff ff 00 00 75 e8 c3 cc cc cc cc cc cc cc
0x00007ffbefc64af0:   40 55 41 57 48 83 ec 38 49 63 e9 4d 8b f8 45 85
0x00007ffbefc64b00:   c9 7f 0a 33 c0 48 83 c4 38 41 5f 5d c3 48 89 5c
0x00007ffbefc64b10:   24 50 48 89 74 24 58 0f b7 71 04 48 89 7c 24 60
0x00007ffbefc64b20:   48 2b f5 4c 89 64 24 30 4c 89 6c 24 28 4c 8d 69
0x00007ffbefc64b30:   06 48 63 da 49 03 f5 49 03 dd 4c 89 74 24 20 48
0x00007ffbefc64b40:   3b de 77 62 41 0f be 00 0f 1f 84 00 00 00 00 00
0x00007ffbefc64b50:   4c 8b c6 8b d0 4c 2b c3 48 8b cb 49 ff c0 e8 ad
0x00007ffbefc64b60:   0c 0f 00 48 8b f8 48 85 c0 74 3b 48 8d 58 01 83
0x00007ffbefc64b70:   fd 02 7f 0e 42 0f b6 4c 3d ff 33 d2 38 4c 05 ff
0x00007ffbefc64b80:   eb 14 49 8d 57 01 48 8b cb 4c 8d 45 ff e8 78 0c 


Stack slot to memory mapping:
stack at sp + 0 slots: 0x00007ffbef7060a4 jvm.dll
stack at sp + 1 slots: 0x00000048c7cff4a8 is pointing into the stack for thread: 0x0000017e6ac640e0
stack at sp + 2 slots: 0x00007ffbefcbbe37 jvm.dll
stack at sp + 3 slots: 0x0000d776025454fa is an unknown value
stack at sp + 4 slots: 0x0 is NULL
stack at sp + 5 slots: 0x00000048c7cff2e0 is pointing into the stack for thread: 0x0000017e6ac640e0
stack at sp + 6 slots: 0x00007ffbef6f03ad jvm.dll
stack at sp + 7 slots: 0x0000017e6ac640e0 is a thread


---------------  P R O C E S S  ---------------

Threads class SMR info:
_java_thread_list=0x0000017e6bb35bd0, length=16, elements={
0x0000017e6ac50ef0, 0x0000017e6ac51ac0, 0x0000017e6ac618c0, 0x0000017e6ac621d0,
0x0000017e6ac62ae0, 0x0000017e6ac633f0, 0x0000017e6ac640e0, 0x0000017e6ac67b00,
0x0000017e6acdc4b0, 0x0000017e6b8ada50, 0x0000017e6b8bd6d0, 0x0000017e6bac5060,
0x0000017e6bac5580, 0x0000017e6bac5aa0, 0x0000017e6bb9fc20, 0x0000017e4afc9c20
}

Java Threads: ( => current thread )
  0x0000017e6ac50ef0 JavaThread "Reference Handler" daemon [_thread_blocked, id=1320, stack(0x00000048c7600000,0x00000048c7700000)]
  0x0000017e6ac51ac0 JavaThread "Finalizer" daemon [_thread_blocked, id=13380, stack(0x00000048c7700000,0x00000048c7800000)]
  0x0000017e6ac618c0 JavaThread "Signal Dispatcher" daemon [_thread_blocked, id=8548, stack(0x00000048c7800000,0x00000048c7900000)]
  0x0000017e6ac621d0 JavaThread "Attach Listener" daemon [_thread_blocked, id=11388, stack(0x00000048c7900000,0x00000048c7a00000)]
  0x0000017e6ac62ae0 JavaThread "Service Thread" daemon [_thread_blocked, id=8008, stack(0x00000048c7a00000,0x00000048c7b00000)]
  0x0000017e6ac633f0 JavaThread "Monitor Deflation Thread" daemon [_thread_blocked, id=7528, stack(0x00000048c7b00000,0x00000048c7c00000)]
=>0x0000017e6ac640e0 JavaThread "C2 CompilerThread0" daemon [_thread_in_vm, id=14188, stack(0x00000048c7c00000,0x00000048c7d00000)]
  0x0000017e6ac67b00 JavaThread "C1 CompilerThread0" daemon [_thread_in_vm, id=7328, stack(0x00000048c7d00000,0x00000048c7e00000)]
  0x0000017e6acdc4b0 JavaThread "Sweeper thread" daemon [_thread_blocked, id=5808, stack(0x00000048c7e00000,0x00000048c7f00000)]
  0x0000017e6b8ada50 JavaThread "Notification Thread" daemon [_thread_blocked, id=13812, stack(0x00000048c7f00000,0x00000048c8000000)]
  0x0000017e6b8bd6d0 JavaThread "Common-Cleaner" daemon [_thread_blocked, id=10572, stack(0x00000048c8100000,0x00000048c8200000)]
  0x0000017e6bac5060 JavaThread "Java2D Disposer" daemon [_thread_blocked, id=10076, stack(0x00000048c8200000,0x00000048c8300000)]
  0x0000017e6bac5580 JavaThread "AWT-Shutdown" [_thread_blocked, id=14180, stack(0x00000048c8300000,0x00000048c8400000)]
  0x0000017e6bac5aa0 JavaThread "AWT-Windows" daemon [_thread_in_native, id=11400, stack(0x00000048c8400000,0x00000048c8500000)]
  0x0000017e6bb9fc20 JavaThread "AWT-EventQueue-0" [_thread_in_Java, id=2692, stack(0x00000048c8500000,0x00000048c8600000)]
  0x0000017e4afc9c20 JavaThread "DestroyJavaVM" [_thread_blocked, id=12904, stack(0x00000048c6f00000,0x00000048c7000000)]

Other Threads:
  0x0000017e6ac4c490 VMThread "VM Thread" [stack: 0x00000048c7500000,0x00000048c7600000] [id=8280]
  0x0000017e6b8b6fb0 WatcherThread [stack: 0x00000048c8000000,0x00000048c8100000] [id=9584]
  0x0000017e4b00d690 GCTaskThread "GC Thread#0" [stack: 0x00000048c7000000,0x00000048c7100000] [id=13892]
  0x0000017e4b01c4d0 ConcurrentGCThread "G1 Main Marker" [stack: 0x00000048c7100000,0x00000048c7200000] [id=13984]
  0x0000017e4b01d570 ConcurrentGCThread "G1 Conc#0" [stack: 0x00000048c7200000,0x00000048c7300000] [id=13412]
  0x0000017e4b0a0a80 ConcurrentGCThread "G1 Refine#0" [stack: 0x00000048c7300000,0x00000048c7400000] [id=12884]
  0x0000017e6ab10480 ConcurrentGCThread "G1 Service" [stack: 0x00000048c7400000,0x00000048c7500000] [id=9008]

Threads with active compile tasks:
C2 CompilerThread0     1786  637   !   4       javax.swing.UIManager::getLAFState (61 bytes)
C1 CompilerThread0     1786  698   !   3       javax.swing.RepaintManager::addDirtyRegion0 (205 bytes)

VM state: not at safepoint (normal execution)

VM Mutex/Monitor currently owned by a thread: None

Heap address: 0x0000000741200000, size: 3054 MB, Compressed Oops mode: Zero based, Oop shift amount: 3

CDS archive(s) mapped at: [0x0000000800000000-0x0000000800bb0000-0x0000000800bb0000), size 12255232, SharedBaseAddress: 0x0000000800000000, ArchiveRelocationMode: 0.
Compressed class space mapped at: 0x0000000800c00000-0x0000000840c00000, reserved size: 1073741824
Narrow klass base: 0x0000000800000000, Narrow klass shift: 3, Narrow klass range: 0x100000000

GC Precious Log:
 CPUs: 4 total, 4 available
 Memory: 12209M
 Large Page Support: Disabled
 NUMA Support: Disabled
 Compressed Oops: Enabled (Zero based)
 Heap Region Size: 2M
 Heap Min Capacity: 8M
 Heap Initial Capacity: 192M
 Heap Max Capacity: 3054M
 Pre-touch: Disabled
 Parallel Workers: 4
 Concurrent Workers: 1
 Concurrent Refinement Workers: 4
 Periodic GC: Disabled

Heap:
 garbage-first heap   total 196608K, used 4096K [0x0000000741200000, 0x0000000800000000)
  region size 2048K, 3 young (6144K), 0 survivors (0K)
 Metaspace       used 8322K, committed 8512K, reserved 1056768K
  class space    used 986K, committed 1024K, reserved 1048576K

Heap Regions: E=young(eden), S=young(survivor), O=old, HS=humongous(starts), HC=humongous(continues), CS=collection set, F=free, OA=open archive, CA=closed archive, TAMS=top-at-mark-start (previous, next)
|   0|0x0000000741200000, 0x0000000741200000, 0x0000000741400000|  0%| F|  |TAMS 0x0000000741200000, 0x0000000741200000| Untracked 
|   1|0x0000000741400000, 0x0000000741400000, 0x0000000741600000|  0%| F|  |TAMS 0x0000000741400000, 0x0000000741400000| Untracked 
|   2|0x0000000741600000, 0x0000000741600000, 0x0000000741800000|  0%| F|  |TAMS 0x0000000741600000, 0x0000000741600000| Untracked 
|   3|0x0000000741800000, 0x0000000741800000, 0x0000000741a00000|  0%| F|  |TAMS 0x0000000741800000, 0x0000000741800000| Untracked 
|   4|0x0000000741a00000, 0x0000000741a00000, 0x0000000741c00000|  0%| F|  |TAMS 0x0000000741a00000, 0x0000000741a00000| Untracked 
|   5|0x0000000741c00000, 0x0000000741c00000, 0x0000000741e00000|  0%| F|  |TAMS 0x0000000741c00000, 0x0000000741c00000| Untracked 
|   6|0x0000000741e00000, 0x0000000741e00000, 0x0000000742000000|  0%| F|  |TAMS 0x0000000741e00000, 0x0000000741e00000| Untracked 
|   7|0x0000000742000000, 0x0000000742000000, 0x0000000742200000|  0%| F|  |TAMS 0x0000000742000000, 0x0000000742000000| Untracked 
|   8|0x0000000742200000, 0x0000000742200000, 0x0000000742400000|  0%| F|  |TAMS 0x0000000742200000, 0x0000000742200000| Untracked 
|   9|0x0000000742400000, 0x0000000742400000, 0x0000000742600000|  0%| F|  |TAMS 0x0000000742400000, 0x0000000742400000| Untracked 
|  10|0x0000000742600000, 0x0000000742600000, 0x0000000742800000|  0%| F|  |TAMS 0x0000000742600000, 0x0000000742600000| Untracked 
|  11|0x0000000742800000, 0x0000000742800000, 0x0000000742a00000|  0%| F|  |TAMS 0x0000000742800000, 0x0000000742800000| Untracked 
|  12|0x0000000742a00000, 0x0000000742a00000, 0x0000000742c00000|  0%| F|  |TAMS 0x0000000742a00000, 0x0000000742a00000| Untracked 
|  13|0x0000000742c00000, 0x0000000742c00000, 0x0000000742e00000|  0%| F|  |TAMS 0x0000000742c00000, 0x0000000742c00000| Untracked 
|  14|0x0000000742e00000, 0x0000000742e00000, 0x0000000743000000|  0%| F|  |TAMS 0x0000000742e00000, 0x0000000742e00000| Untracked 
|  15|0x0000000743000000, 0x0000000743000000, 0x0000000743200000|  0%| F|  |TAMS 0x0000000743000000, 0x0000000743000000| Untracked 
|  16|0x0000000743200000, 0x0000000743200000, 0x0000000743400000|  0%| F|  |TAMS 0x0000000743200000, 0x0000000743200000| Untracked 
|  17|0x0000000743400000, 0x0000000743400000, 0x0000000743600000|  0%| F|  |TAMS 0x0000000743400000, 0x0000000743400000| Untracked 
|  18|0x0000000743600000, 0x0000000743600000, 0x0000000743800000|  0%| F|  |TAMS 0x0000000743600000, 0x0000000743600000| Untracked 
|  19|0x0000000743800000, 0x0000000743800000, 0x0000000743a00000|  0%| F|  |TAMS 0x0000000743800000, 0x0000000743800000| Untracked 
|  20|0x0000000743a00000, 0x0000000743a00000, 0x0000000743c00000|  0%| F|  |TAMS 0x0000000743a00000, 0x0000000743a00000| Untracked 
|  21|0x0000000743c00000, 0x0000000743c00000, 0x0000000743e00000|  0%| F|  |TAMS 0x0000000743c00000, 0x0000000743c00000| Untracked 
|  22|0x0000000743e00000, 0x0000000743e00000, 0x0000000744000000|  0%| F|  |TAMS 0x0000000743e00000, 0x0000000743e00000| Untracked 
|  23|0x0000000744000000, 0x0000000744000000, 0x0000000744200000|  0%| F|  |TAMS 0x0000000744000000, 0x0000000744000000| Untracked 
|  24|0x0000000744200000, 0x0000000744200000, 0x0000000744400000|  0%| F|  |TAMS 0x0000000744200000, 0x0000000744200000| Untracked 
|  25|0x0000000744400000, 0x0000000744400000, 0x0000000744600000|  0%| F|  |TAMS 0x0000000744400000, 0x0000000744400000| Untracked 
|  26|0x0000000744600000, 0x0000000744600000, 0x0000000744800000|  0%| F|  |TAMS 0x0000000744600000, 0x0000000744600000| Untracked 
|  27|0x0000000744800000, 0x0000000744800000, 0x0000000744a00000|  0%| F|  |TAMS 0x0000000744800000, 0x0000000744800000| Untracked 
|  28|0x0000000744a00000, 0x0000000744a00000, 0x0000000744c00000|  0%| F|  |TAMS 0x0000000744a00000, 0x0000000744a00000| Untracked 
|  29|0x0000000744c00000, 0x0000000744c00000, 0x0000000744e00000|  0%| F|  |TAMS 0x0000000744c00000, 0x0000000744c00000| Untracked 
|  30|0x0000000744e00000, 0x0000000744e00000, 0x0000000745000000|  0%| F|  |TAMS 0x0000000744e00000, 0x0000000744e00000| Untracked 
|  31|0x0000000745000000, 0x0000000745000000, 0x0000000745200000|  0%| F|  |TAMS 0x0000000745000000, 0x0000000745000000| Untracked 
|  32|0x0000000745200000, 0x0000000745200000, 0x0000000745400000|  0%| F|  |TAMS 0x0000000745200000, 0x0000000745200000| Untracked 
|  33|0x0000000745400000, 0x0000000745400000, 0x0000000745600000|  0%| F|  |TAMS 0x0000000745400000, 0x0000000745400000| Untracked 
|  34|0x0000000745600000, 0x0000000745600000, 0x0000000745800000|  0%| F|  |TAMS 0x0000000745600000, 0x0000000745600000| Untracked 
|  35|0x0000000745800000, 0x0000000745800000, 0x0000000745a00000|  0%| F|  |TAMS 0x0000000745800000, 0x0000000745800000| Untracked 
|  36|0x0000000745a00000, 0x0000000745a00000, 0x0000000745c00000|  0%| F|  |TAMS 0x0000000745a00000, 0x0000000745a00000| Untracked 
|  37|0x0000000745c00000, 0x0000000745c00000, 0x0000000745e00000|  0%| F|  |TAMS 0x0000000745c00000, 0x0000000745c00000| Untracked 
|  38|0x0000000745e00000, 0x0000000745e00000, 0x0000000746000000|  0%| F|  |TAMS 0x0000000745e00000, 0x0000000745e00000| Untracked 
|  39|0x0000000746000000, 0x0000000746000000, 0x0000000746200000|  0%| F|  |TAMS 0x0000000746000000, 0x0000000746000000| Untracked 
|  40|0x0000000746200000, 0x0000000746200000, 0x0000000746400000|  0%| F|  |TAMS 0x0000000746200000, 0x0000000746200000| Untracked 
|  41|0x0000000746400000, 0x0000000746400000, 0x0000000746600000|  0%| F|  |TAMS 0x0000000746400000, 0x0000000746400000| Untracked 
|  42|0x0000000746600000, 0x0000000746600000, 0x0000000746800000|  0%| F|  |TAMS 0x0000000746600000, 0x0000000746600000| Untracked 
|  43|0x0000000746800000, 0x0000000746800000, 0x0000000746a00000|  0%| F|  |TAMS 0x0000000746800000, 0x0000000746800000| Untracked 
|  44|0x0000000746a00000, 0x0000000746a00000, 0x0000000746c00000|  0%| F|  |TAMS 0x0000000746a00000, 0x0000000746a00000| Untracked 
|  45|0x0000000746c00000, 0x0000000746c00000, 0x0000000746e00000|  0%| F|  |TAMS 0x0000000746c00000, 0x0000000746c00000| Untracked 
|  46|0x0000000746e00000, 0x0000000746e00000, 0x0000000747000000|  0%| F|  |TAMS 0x0000000746e00000, 0x0000000746e00000| Untracked 
|  47|0x0000000747000000, 0x0000000747000000, 0x0000000747200000|  0%| F|  |TAMS 0x0000000747000000, 0x0000000747000000| Untracked 
|  48|0x0000000747200000, 0x0000000747200000, 0x0000000747400000|  0%| F|  |TAMS 0x0000000747200000, 0x0000000747200000| Untracked 
|  49|0x0000000747400000, 0x0000000747400000, 0x0000000747600000|  0%| F|  |TAMS 0x0000000747400000, 0x0000000747400000| Untracked 
|  50|0x0000000747600000, 0x0000000747600000, 0x0000000747800000|  0%| F|  |TAMS 0x0000000747600000, 0x0000000747600000| Untracked 
|  51|0x0000000747800000, 0x0000000747800000, 0x0000000747a00000|  0%| F|  |TAMS 0x0000000747800000, 0x0000000747800000| Untracked 
|  52|0x0000000747a00000, 0x0000000747a00000, 0x0000000747c00000|  0%| F|  |TAMS 0x0000000747a00000, 0x0000000747a00000| Untracked 
|  53|0x0000000747c00000, 0x0000000747c00000, 0x0000000747e00000|  0%| F|  |TAMS 0x0000000747c00000, 0x0000000747c00000| Untracked 
|  54|0x0000000747e00000, 0x0000000747e00000, 0x0000000748000000|  0%| F|  |TAMS 0x0000000747e00000, 0x0000000747e00000| Untracked 
|  55|0x0000000748000000, 0x0000000748000000, 0x0000000748200000|  0%| F|  |TAMS 0x0000000748000000, 0x0000000748000000| Untracked 
|  56|0x0000000748200000, 0x0000000748200000, 0x0000000748400000|  0%| F|  |TAMS 0x0000000748200000, 0x0000000748200000| Untracked 
|  57|0x0000000748400000, 0x0000000748400000, 0x0000000748600000|  0%| F|  |TAMS 0x0000000748400000, 0x0000000748400000| Untracked 
|  58|0x0000000748600000, 0x0000000748600000, 0x0000000748800000|  0%| F|  |TAMS 0x0000000748600000, 0x0000000748600000| Untracked 
|  59|0x0000000748800000, 0x0000000748800000, 0x0000000748a00000|  0%| F|  |TAMS 0x0000000748800000, 0x0000000748800000| Untracked 
|  60|0x0000000748a00000, 0x0000000748a00000, 0x0000000748c00000|  0%| F|  |TAMS 0x0000000748a00000, 0x0000000748a00000| Untracked 
|  61|0x0000000748c00000, 0x0000000748c00000, 0x0000000748e00000|  0%| F|  |TAMS 0x0000000748c00000, 0x0000000748c00000| Untracked 
|  62|0x0000000748e00000, 0x0000000748e00000, 0x0000000749000000|  0%| F|  |TAMS 0x0000000748e00000, 0x0000000748e00000| Untracked 
|  63|0x0000000749000000, 0x0000000749000000, 0x0000000749200000|  0%| F|  |TAMS 0x0000000749000000, 0x0000000749000000| Untracked 
|  64|0x0000000749200000, 0x0000000749200000, 0x0000000749400000|  0%| F|  |TAMS 0x0000000749200000, 0x0000000749200000| Untracked 
|  65|0x0000000749400000, 0x0000000749400000, 0x0000000749600000|  0%| F|  |TAMS 0x0000000749400000, 0x0000000749400000| Untracked 
|  66|0x0000000749600000, 0x0000000749600000, 0x0000000749800000|  0%| F|  |TAMS 0x0000000749600000, 0x0000000749600000| Untracked 
|  67|0x0000000749800000, 0x0000000749800000, 0x0000000749a00000|  0%| F|  |TAMS 0x0000000749800000, 0x0000000749800000| Untracked 
|  68|0x0000000749a00000, 0x0000000749a00000, 0x0000000749c00000|  0%| F|  |TAMS 0x0000000749a00000, 0x0000000749a00000| Untracked 
|  69|0x0000000749c00000, 0x0000000749c00000, 0x0000000749e00000|  0%| F|  |TAMS 0x0000000749c00000, 0x0000000749c00000| Untracked 
|  70|0x0000000749e00000, 0x0000000749e00000, 0x000000074a000000|  0%| F|  |TAMS 0x0000000749e00000, 0x0000000749e00000| Untracked 
|  71|0x000000074a000000, 0x000000074a000000, 0x000000074a200000|  0%| F|  |TAMS 0x000000074a000000, 0x000000074a000000| Untracked 
|  72|0x000000074a200000, 0x000000074a200000, 0x000000074a400000|  0%| F|  |TAMS 0x000000074a200000, 0x000000074a200000| Untracked 
|  73|0x000000074a400000, 0x000000074a400000, 0x000000074a600000|  0%| F|  |TAMS 0x000000074a400000, 0x000000074a400000| Untracked 
|  74|0x000000074a600000, 0x000000074a600000, 0x000000074a800000|  0%| F|  |TAMS 0x000000074a600000, 0x000000074a600000| Untracked 
|  75|0x000000074a800000, 0x000000074a800000, 0x000000074aa00000|  0%| F|  |TAMS 0x000000074a800000, 0x000000074a800000| Untracked 
|  76|0x000000074aa00000, 0x000000074aa00000, 0x000000074ac00000|  0%| F|  |TAMS 0x000000074aa00000, 0x000000074aa00000| Untracked 
|  77|0x000000074ac00000, 0x000000074ac00000, 0x000000074ae00000|  0%| F|  |TAMS 0x000000074ac00000, 0x000000074ac00000| Untracked 
|  78|0x000000074ae00000, 0x000000074ae00000, 0x000000074b000000|  0%| F|  |TAMS 0x000000074ae00000, 0x000000074ae00000| Untracked 
|  79|0x000000074b000000, 0x000000074b000000, 0x000000074b200000|  0%| F|  |TAMS 0x000000074b000000, 0x000000074b000000| Untracked 
|  80|0x000000074b200000, 0x000000074b200000, 0x000000074b400000|  0%| F|  |TAMS 0x000000074b200000, 0x000000074b200000| Untracked 
|  81|0x000000074b400000, 0x000000074b400000, 0x000000074b600000|  0%| F|  |TAMS 0x000000074b400000, 0x000000074b400000| Untracked 
|  82|0x000000074b600000, 0x000000074b600000, 0x000000074b800000|  0%| F|  |TAMS 0x000000074b600000, 0x000000074b600000| Untracked 
|  83|0x000000074b800000, 0x000000074b800000, 0x000000074ba00000|  0%| F|  |TAMS 0x000000074b800000, 0x000000074b800000| Untracked 
|  84|0x000000074ba00000, 0x000000074ba00000, 0x000000074bc00000|  0%| F|  |TAMS 0x000000074ba00000, 0x000000074ba00000| Untracked 
|  85|0x000000074bc00000, 0x000000074bc00000, 0x000000074be00000|  0%| F|  |TAMS 0x000000074bc00000, 0x000000074bc00000| Untracked 
|  86|0x000000074be00000, 0x000000074be00000, 0x000000074c000000|  0%| F|  |TAMS 0x000000074be00000, 0x000000074be00000| Untracked 
|  87|0x000000074c000000, 0x000000074c000000, 0x000000074c200000|  0%| F|  |TAMS 0x000000074c000000, 0x000000074c000000| Untracked 
|  88|0x000000074c200000, 0x000000074c200000, 0x000000074c400000|  0%| F|  |TAMS 0x000000074c200000, 0x000000074c200000| Untracked 
|  89|0x000000074c400000, 0x000000074c400000, 0x000000074c600000|  0%| F|  |TAMS 0x000000074c400000, 0x000000074c400000| Untracked 
|  90|0x000000074c600000, 0x000000074c600000, 0x000000074c800000|  0%| F|  |TAMS 0x000000074c600000, 0x000000074c600000| Untracked 
|  91|0x000000074c800000, 0x000000074c800000, 0x000000074ca00000|  0%| F|  |TAMS 0x000000074c800000, 0x000000074c800000| Untracked 
|  92|0x000000074ca00000, 0x000000074ca00000, 0x000000074cc00000|  0%| F|  |TAMS 0x000000074ca00000, 0x000000074ca00000| Untracked 
|  93|0x000000074cc00000, 0x000000074cdee358, 0x000000074ce00000| 96%| E|  |TAMS 0x000000074cc00000, 0x000000074cc00000| Complete 
|  94|0x000000074ce00000, 0x000000074d000000, 0x000000074d000000|100%| E|CS|TAMS 0x000000074ce00000, 0x000000074ce00000| Complete 
|  95|0x000000074d000000, 0x000000074d200000, 0x000000074d200000|100%| E|CS|TAMS 0x000000074d000000, 0x000000074d000000| Complete 

Card table byte_map: [0x0000017e61d50000,0x0000017e62350000] _byte_map_base: 0x0000017e5e347000

Marking Bits (Prev, Next): (CMBitMap*) 0x0000017e4b00fbb0, (CMBitMap*) 0x0000017e4b00fbf0
 Prev Bits: [0x0000017e62950000, 0x0000017e65908000)
 Next Bits: [0x0000017e65910000, 0x0000017e688c8000)

Polling page: 0x0000017e48dd0000

Metaspace:

Usage:
  Non-class:      7.17 MB used.
      Class:    986.13 KB used.
       Both:      8.14 MB used.

Virtual space:
  Non-class space:        8.00 MB reserved,       7.31 MB ( 91%) committed,  1 nodes.
      Class space:        1.00 GB reserved,       1.00 MB ( <1%) committed,  1 nodes.
              Both:        1.01 GB reserved,       8.31 MB ( <1%) committed. 

Chunk freelists:
   Non-Class:  507.00 KB
       Class:  3.00 MB
        Both:  3.50 MB

MaxMetaspaceSize: 17179869184.00 GB
CompressedClassSpaceSize: 1.00 GB
 - commit_granule_bytes: 65536.
 - commit_granule_words: 8192.
 - virtual_space_node_default_size: 1048576.
 - enlarge_chunks_in_place: 1.
 - new_chunks_are_fully_committed: 0.
 - uncommit_free_chunks: 1.
 - use_allocation_guard: 0.
 - handle_deallocations: 1.


Internal statistics:

num_allocs_failed_limit: 0.
num_arena_births: 94.
num_arena_deaths: 0.
num_vsnodes_births: 2.
num_vsnodes_deaths: 0.
num_space_committed: 133.
num_space_uncommitted: 0.
num_chunks_returned_to_freelist: 0.
num_chunks_taken_from_freelist: 127.
num_chunk_merges: 0.
num_chunk_splits: 76.
num_chunks_enlarged: 38.
num_purges: 0.

CodeHeap 'non-profiled nmethods': size=120000Kb used=177Kb max_used=177Kb free=119822Kb
 bounds [0x0000017e5a220000, 0x0000017e5a490000, 0x0000017e61750000]
CodeHeap 'profiled nmethods': size=120000Kb used=1165Kb max_used=1165Kb free=118834Kb
 bounds [0x0000017e52cf0000, 0x0000017e52f60000, 0x0000017e5a220000]
CodeHeap 'non-nmethods': size=5760Kb used=1229Kb max_used=1245Kb free=4530Kb
 bounds [0x0000017e52750000, 0x0000017e529c0000, 0x0000017e52cf0000]
 total_blobs=1248 nmethods=709 adapters=452
 compilation: enabled
              stopped_count=0, restarted_count=0
 full_count=0

Compilation events (20 events):
Event: 1.629 Thread 0x0000017e6ac67b00 nmethod 636 0x0000017e52dde610 code [0x0000017e52dde800, 0x0000017e52dded28]
Event: 1.629 Thread 0x0000017e6ac67b00  635       3       java.lang.reflect.AccessibleObject::<init> (5 bytes)
Event: 1.629 Thread 0x0000017e6ac67b00 nmethod 635 0x0000017e52ddef10 code [0x0000017e52ddf0c0, 0x0000017e52ddf218]
Event: 1.649 Thread 0x0000017e6ac67b00  638       3       javax.swing.UIManager::getDefaults (10 bytes)
Event: 1.649 Thread 0x0000017e6ac67b00 nmethod 638 0x0000017e52ddf310 code [0x0000017e52ddf4c0, 0x0000017e52ddf5f8]
Event: 1.649 Thread 0x0000017e6ac67b00  639       1       javax.swing.plaf.synth.SynthContext::getComponent (5 bytes)
Event: 1.649 Thread 0x0000017e6ac67b00 nmethod 639 0x0000017e5a247710 code [0x0000017e5a2478a0, 0x0000017e5a247978]
Event: 1.651 Thread 0x0000017e6ac67b00  640       3       java.awt.AWTKeyStroke::hashCode (36 bytes)
Event: 1.651 Thread 0x0000017e6ac67b00 nmethod 640 0x0000017e52ddf710 code [0x0000017e52ddf8a0, 0x0000017e52ddfa18]
Event: 1.651 Thread 0x0000017e6ac67b00  641       3       javax.swing.ArrayTable::isArray (8 bytes)
Event: 1.651 Thread 0x0000017e6ac67b00 nmethod 641 0x0000017e52ddfa90 code [0x0000017e52ddfc40, 0x0000017e52ddfe58]
Event: 1.651 Thread 0x0000017e6ac67b00  642       3       java.util.StringTokenizer::skipDelimiters (116 bytes)
Event: 1.653 Thread 0x0000017e6ac67b00 nmethod 642 0x0000017e52ddff10 code [0x0000017e52de01c0, 0x0000017e52de0f28]
Event: 1.653 Thread 0x0000017e6ac67b00  643       3       java.util.StringTokenizer::nextToken (92 bytes)
Event: 1.654 Thread 0x0000017e6ac67b00 nmethod 643 0x0000017e52de1410 code [0x0000017e52de1600, 0x0000017e52de1938]
Event: 1.654 Thread 0x0000017e6ac67b00  644  s    1       java.util.Hashtable::size (5 bytes)
Event: 1.654 Thread 0x0000017e6ac67b00 nmethod 644 0x0000017e5a248c10 code [0x0000017e5a248da0, 0x0000017e5a248f18]
Event: 1.654 Thread 0x0000017e6ac640e0 nmethod 634 0x0000017e5a247a10 code [0x0000017e5a247bc0, 0x0000017e5a248708]
Event: 1.655 Thread 0x0000017e6ac640e0  637   !   4       javax.swing.UIManager::getLAFState (61 bytes)
Event: 1.657 Thread 0x0000017e6ac640e0 nmethod 637 0x0000017e5a248f90 code [0x0000017e5a249120, 0x0000017e5a249228]

GC Heap History (0 events):
No events

Deoptimization events (2 events):
Event: 1.627 Thread 0x0000017e6bb9fc20 DEOPT PACKING pc=0x0000017e52d07367 sp=0x00000048c85fe290
Event: 1.627 Thread 0x0000017e6bb9fc20 DEOPT UNPACKING pc=0x0000017e5279dece sp=0x00000048c85fd6b0 mode 0

Classes unloaded (0 events):
No events

Classes redefined (0 events):
No events

Internal exceptions (20 events):
Event: 1.406 Thread 0x0000017e4afc9c20 Exception <a 'java/lang/ClassNotFoundException'{0x000000074cc3c9e0}: PasswordField> (0x000000074cc3c9e0) 
thrown [t:\workspace\open\src\hotspot\share\classfile\systemDictionary.cpp, line 256]
Event: 1.406 Thread 0x0000017e4afc9c20 Exception <a 'java/lang/ClassNotFoundException'{0x000000074cc3cf38}: TextArea> (0x000000074cc3cf38) 
thrown [t:\workspace\open\src\hotspot\share\classfile\systemDictionary.cpp, line 256]
Event: 1.410 Thread 0x0000017e4afc9c20 Exception <a 'java/lang/ClassNotFoundException'{0x000000074cc3d878}: TextPane> (0x000000074cc3d878) 
thrown [t:\workspace\open\src\hotspot\share\classfile\systemDictionary.cpp, line 256]
Event: 1.410 Thread 0x0000017e4afc9c20 Exception <a 'java/lang/ClassNotFoundException'{0x000000074cc3df28}: EditorPane> (0x000000074cc3df28) 
thrown [t:\workspace\open\src\hotspot\share\classfile\systemDictionary.cpp, line 256]
Event: 1.411 Thread 0x0000017e4afc9c20 Exception <a 'java/lang/ClassNotFoundException'{0x000000074cc3e888}: ToolBar> (0x000000074cc3e888) 
thrown [t:\workspace\open\src\hotspot\share\classfile\systemDictionary.cpp, line 256]
Event: 1.411 Thread 0x0000017e4afc9c20 Exception <a 'java/lang/ClassNotFoundException'{0x000000074cc3ed80}: ToolBar> (0x000000074cc3ed80) 
thrown [t:\workspace\open\src\hotspot\share\classfile\systemDictionary.cpp, line 256]
Event: 1.411 Thread 0x0000017e4afc9c20 Exception <a 'java/lang/ClassNotFoundException'{0x000000074cc3f0e0}: Button> (0x000000074cc3f0e0) 
thrown [t:\workspace\open\src\hotspot\share\classfile\systemDictionary.cpp, line 256]
Event: 1.411 Thread 0x0000017e4afc9c20 Exception <a 'java/lang/ClassNotFoundException'{0x000000074cc3f5a8}: ToolBar> (0x000000074cc3f5a8) 
thrown [t:\workspace\open\src\hotspot\share\classfile\systemDictionary.cpp, line 256]
Event: 1.411 Thread 0x0000017e4afc9c20 Exception <a 'java/lang/ClassNotFoundException'{0x000000074cc3f918}: ToggleButton> (0x000000074cc3f918) 
thrown [t:\workspace\open\src\hotspot\share\classfile\systemDictionary.cpp, line 256]
Event: 1.411 Thread 0x0000017e4afc9c20 Exception <a 'java/lang/ClassNotFoundException'{0x000000074cc3fd58}: javax/swing/JToolBarSeparator> (0x000000074cc3fd58) 
thrown [t:\workspace\open\src\hotspot\share\classfile\systemDictionary.cpp, line 256]
Event: 1.411 Thread 0x0000017e4afc9c20 Exception <a 'java/lang/ClassNotFoundException'{0x000000074cc40060}: ToolBarSeparator> (0x000000074cc40060) 
thrown [t:\workspace\open\src\hotspot\share\classfile\systemDictionary.cpp, line 256]
Event: 1.412 Thread 0x0000017e4afc9c20 Exception <a 'java/lang/ClassNotFoundException'{0x000000074cc40578}: ToolTip> (0x000000074cc40578) 
thrown [t:\workspace\open\src\hotspot\share\classfile\systemDictionary.cpp, line 256]
Event: 1.414 Thread 0x0000017e4afc9c20 Exception <a 'java/lang/ClassNotFoundException'{0x000000074cc40ec8}: Tree> (0x000000074cc40ec8) 
thrown [t:\workspace\open\src\hotspot\share\classfile\systemDictionary.cpp, line 256]
Event: 1.414 Thread 0x0000017e4afc9c20 Exception <a 'java/lang/ClassNotFoundException'{0x000000074cc413c0}: Tree> (0x000000074cc413c0) 
thrown [t:\workspace\open\src\hotspot\share\classfile\systemDictionary.cpp, line 256]
Event: 1.414 Thread 0x0000017e4afc9c20 Exception <a 'java/lang/ClassNotFoundException'{0x000000074cc41730}: javax/swing/JTreeCell> (0x000000074cc41730) 
thrown [t:\workspace\open\src\hotspot\share\classfile\systemDictionary.cpp, line 256]
Event: 1.414 Thread 0x0000017e4afc9c20 Exception <a 'java/lang/ClassNotFoundException'{0x000000074cc41a30}: TreeCell> (0x000000074cc41a30) 
thrown [t:\workspace\open\src\hotspot\share\classfile\systemDictionary.cpp, line 256]
Event: 1.416 Thread 0x0000017e4afc9c20 Exception <a 'java/lang/ClassNotFoundException'{0x000000074cc421f0}: RootPane> (0x000000074cc421f0) 
thrown [t:\workspace\open\src\hotspot\share\classfile\systemDictionary.cpp, line 256]
Event: 1.420 Thread 0x0000017e4afc9c20 Exception <a 'java/lang/ClassNotFoundException'{0x000000074cc45040}: com/sun/swing/internal/plaf/metal/resources/spi/metalProvider> (0x000000074cc45040) 
thrown [t:\workspace\open\src\hotspot\share\classfile\systemDictionary.cpp, line 256]
Event: 1.423 Thread 0x0000017e4afc9c20 Exception <a 'java/lang/ClassNotFoundException'{0x000000074cc48dd0}: com/sun/swing/internal/plaf/basic/resources/spi/basicProvider> (0x000000074cc48dd0) 
thrown [t:\workspace\open\src\hotspot\share\classfile\systemDictionary.cpp, line 256]
Event: 1.487 Thread 0x0000017e6bb9fc20 Exception <a 'java/lang/ClassNotFoundException'{0x000000074ccd3148}: com/sun/swing/internal/plaf/synth/resources/spi/synthProvider> (0x000000074ccd3148) 
thrown [t:\workspace\open\src\hotspot\share\classfile\systemDictionary.cpp, line 256]

Events (20 events):
Event: 1.655 loading class javax/swing/ScrollPaneLayout$UIResource
Event: 1.655 loading class javax/swing/ScrollPaneLayout
Event: 1.655 loading class javax/swing/ScrollPaneLayout done
Event: 1.655 loading class javax/swing/ScrollPaneLayout$UIResource done
Event: 1.655 loading class javax/swing/ViewportLayout
Event: 1.656 loading class javax/swing/ViewportLayout done
Event: 1.656 loading class javax/swing/plaf/synth/SynthViewportUI
Event: 1.656 loading class javax/swing/plaf/ViewportUI
Event: 1.656 loading class javax/swing/plaf/ViewportUI done
Event: 1.656 loading class javax/swing/plaf/synth/SynthViewportUI done
Event: 1.657 loading class javax/swing/JScrollPane$ScrollBar
Event: 1.657 loading class javax/swing/JScrollPane$ScrollBar done
Event: 1.657 loading class javax/swing/JScrollBar$ModelListener
Event: 1.657 loading class javax/swing/JScrollBar$ModelListener done
Event: 1.657 loading class javax/swing/plaf/synth/SynthScrollBarUI
Event: 1.658 loading class javax/swing/plaf/basic/BasicScrollBarUI
Event: 1.659 loading class javax/swing/plaf/ScrollBarUI
Event: 1.659 loading class javax/swing/plaf/ScrollBarUI done
Event: 1.659 loading class javax/swing/plaf/basic/BasicScrollBarUI done
Event: 1.659 loading class javax/swing/plaf/synth/SynthScrollBarUI done


Dynamic libraries:
0x00007ff781fe0000 - 0x00007ff781ff0000 	C:\Program Files\Java\jdk-16.0.1\bin\java.exe
0x00007ffc46a90000 - 0x00007ffc46c85000 	C:\Windows\SYSTEM32\ntdll.dll
0x00007ffc46190000 - 0x00007ffc4624d000 	C:\Windows\System32\KERNEL32.DLL
0x00007ffc442d0000 - 0x00007ffc44598000 	C:\Windows\System32\KERNELBASE.dll
0x00007ffc441d0000 - 0x00007ffc442d0000 	C:\Windows\System32\ucrtbase.dll
0x00007ffc3e0d0000 - 0x00007ffc3e0e8000 	C:\Program Files\Java\jdk-16.0.1\bin\jli.dll
0x00007ffc372d0000 - 0x00007ffc372e9000 	C:\Program Files\Java\jdk-16.0.1\bin\VCRUNTIME140.dll
0x00007ffc45930000 - 0x00007ffc459dc000 	C:\Windows\System32\ADVAPI32.dll
0x00007ffc45020000 - 0x00007ffc450be000 	C:\Windows\System32\msvcrt.dll
0x00007ffc44f80000 - 0x00007ffc4501b000 	C:\Windows\System32\sechost.dll
0x00007ffc44e50000 - 0x00007ffc44f7b000 	C:\Windows\System32\RPCRT4.dll
0x00007ffc45f10000 - 0x00007ffc460b0000 	C:\Windows\System32\USER32.dll
0x00007ffc44730000 - 0x00007ffc44752000 	C:\Windows\System32\win32u.dll
0x00007ffc37ad0000 - 0x00007ffc37d6a000 	C:\Windows\WinSxS\amd64_microsoft.windows.common-controls_6595b64144ccf1df_6.0.19041.844_none_ca00b6081b84eb1d\COMCTL32.dll
0x00007ffc45390000 - 0x00007ffc453ba000 	C:\Windows\System32\GDI32.dll
0x00007ffc445a0000 - 0x00007ffc446ab000 	C:\Windows\System32\gdi32full.dll
0x00007ffc44890000 - 0x00007ffc4492d000 	C:\Windows\System32\msvcp_win.dll
0x00007ffc39e80000 - 0x00007ffc39e8a000 	C:\Windows\SYSTEM32\VERSION.dll
0x00007ffc45ee0000 - 0x00007ffc45f10000 	C:\Windows\System32\IMM32.DLL
0x00007ffc372c0000 - 0x00007ffc372cc000 	C:\Program Files\Java\jdk-16.0.1\bin\vcruntime140_1.dll
0x00007ffc231d0000 - 0x00007ffc23261000 	C:\Program Files\Java\jdk-16.0.1\bin\msvcp140.dll
0x00007ffbef530000 - 0x00007ffbf00db000 	C:\Program Files\Java\jdk-16.0.1\bin\server\jvm.dll
0x00007ffc45a40000 - 0x00007ffc45a48000 	C:\Windows\System32\PSAPI.DLL
0x00007ffc39ec0000 - 0x00007ffc39ee7000 	C:\Windows\SYSTEM32\WINMM.dll
0x00007ffc42990000 - 0x00007ffc42999000 	C:\Windows\SYSTEM32\WSOCK32.dll
0x00007ffc457d0000 - 0x00007ffc4583b000 	C:\Windows\System32\WS2_32.dll
0x00007ffc42aa0000 - 0x00007ffc42ab2000 	C:\Windows\SYSTEM32\kernel.appcore.dll
0x00007ffc372b0000 - 0x00007ffc372ba000 	C:\Program Files\Java\jdk-16.0.1\bin\jimage.dll
0x00007ffc41fd0000 - 0x00007ffc421b4000 	C:\Windows\SYSTEM32\DBGHELP.DLL
0x00007ffc34230000 - 0x00007ffc3425c000 	C:\Windows\SYSTEM32\dbgcore.DLL
0x00007ffc446b0000 - 0x00007ffc44730000 	C:\Windows\System32\bcryptPrimitives.dll
0x00007ffc2a6d0000 - 0x00007ffc2a6f5000 	C:\Program Files\Java\jdk-16.0.1\bin\java.dll
0x00007ffc46250000 - 0x00007ffc46992000 	C:\Windows\System32\SHELL32.dll
0x00007ffc421c0000 - 0x00007ffc42951000 	C:\Windows\SYSTEM32\windows.storage.dll
0x00007ffc44af0000 - 0x00007ffc44e45000 	C:\Windows\System32\combase.dll
0x00007ffc43b70000 - 0x00007ffc43b9c000 	C:\Windows\SYSTEM32\Wldp.dll
0x00007ffc455f0000 - 0x00007ffc4569e000 	C:\Windows\System32\SHCORE.dll
0x00007ffc452d0000 - 0x00007ffc45325000 	C:\Windows\System32\shlwapi.dll
0x00007ffc44110000 - 0x00007ffc4412f000 	C:\Windows\SYSTEM32\profapi.dll
0x00007ffc308a0000 - 0x00007ffc308b9000 	C:\Program Files\Java\jdk-16.0.1\bin\net.dll
0x00007ffc3a920000 - 0x00007ffc3aa2b000 	C:\Windows\SYSTEM32\WINHTTP.dll
0x00007ffc438e0000 - 0x00007ffc4394a000 	C:\Windows\system32\mswsock.dll
0x00007ffc2c400000 - 0x00007ffc2c413000 	C:\Program Files\Java\jdk-16.0.1\bin\nio.dll
0x00007ffc2b370000 - 0x00007ffc2b388000 	C:\Program Files\Java\jdk-16.0.1\bin\zip.dll
0x00007ffc0dce0000 - 0x00007ffc0de60000 	C:\Program Files\Java\jdk-16.0.1\bin\awt.dll
0x00007ffc45840000 - 0x00007ffc4590d000 	C:\Windows\System32\OLEAUT32.dll
0x00007ffc417a0000 - 0x00007ffc41830000 	C:\Windows\SYSTEM32\apphelp.dll
0x00007ffc41870000 - 0x00007ffc4190e000 	C:\Windows\system32\uxtheme.dll
0x00007ffc454d0000 - 0x00007ffc455e5000 	C:\Windows\System32\MSCTF.dll
0x00007ffc456a0000 - 0x00007ffc457ca000 	C:\Windows\System32\ole32.dll
0x00007ffc41c20000 - 0x00007ffc41c4f000 	C:\Windows\system32\DWMAPI.DLL
0x00007ffc1f320000 - 0x00007ffc1f3a9000 	C:\Program Files\Java\jdk-16.0.1\bin\freetype.dll
0x00007ffc10220000 - 0x00007ffc10316000 	C:\Program Files\Java\jdk-16.0.1\bin\harfbuzz.dll
0x00007ffc2b320000 - 0x00007ffc2b332000 	C:\Program Files\Java\jdk-16.0.1\bin\fontmanager.dll
0x00007ffc22590000 - 0x00007ffc226b6000 	C:\Windows\system32\opengl32.dll
0x00007ffc22510000 - 0x00007ffc2253c000 	C:\Windows\SYSTEM32\GLU32.dll

dbghelp: loaded successfully - version: 4.0.5 - missing functions: none
symbol engine: initialized successfully - sym options: 0x614 - pdb path: .;C:\Program Files\Java\jdk-16.0.1\bin;C:\Windows\SYSTEM32;C:\Windows\WinSxS\amd64_microsoft.windows.common-controls_6595b64144ccf1df_6.0.19041.844_none_ca00b6081b84eb1d;C:\Program Files\Java\jdk-16.0.1\bin\server

VM Arguments:
jvm_args: -Dfile.encoding=UTF-8 
java_command: Home
java_class_path (initial): C:\Program Files\NetBeans-12.4\netbeans\java\modules\ext\AbsoluteLayout.jar;C:\Program Files\NetBeans-12.4\jcalendar-1.4.jar;C:\Program Files (x86)\MySQL\MySQL Connector J\mysql-connector-java-5.1.35-bin.jar;C:\Users\TOSHIBA\Desktop\MetodoTallerP1\build\classes
Launcher Type: SUN_STANDARD

[Global flags]
     intx CICompilerCount                          = 3                                         {product} {ergonomic}
     uint ConcGCThreads                            = 1                                         {product} {ergonomic}
     uint G1ConcRefinementThreads                  = 4                                         {product} {ergonomic}
   size_t G1HeapRegionSize                         = 2097152                                   {product} {ergonomic}
    uintx GCDrainStackTargetSize                   = 64                                        {product} {ergonomic}
   size_t InitialHeapSize                          = 201326592                                 {product} {ergonomic}
   size_t MarkStackSize                            = 4194304                                   {product} {ergonomic}
   size_t MaxHeapSize                              = 3202351104                                {product} {ergonomic}
   size_t MaxNewSize                               = 1920991232                                {product} {ergonomic}
   size_t MinHeapDeltaBytes                        = 2097152                                   {product} {ergonomic}
   size_t MinHeapSize                              = 8388608                                   {product} {ergonomic}
    uintx NonNMethodCodeHeapSize                   = 5832780                                {pd product} {ergonomic}
    uintx NonProfiledCodeHeapSize                  = 122912730                              {pd product} {ergonomic}
    uintx ProfiledCodeHeapSize                     = 122912730                              {pd product} {ergonomic}
    uintx ReservedCodeCacheSize                    = 251658240                              {pd product} {ergonomic}
     bool SegmentedCodeCache                       = true                                      {product} {ergonomic}
   size_t SoftMaxHeapSize                          = 3202351104                             {manageable} {ergonomic}
     bool UseCompressedClassPointers               = true                           {product lp64_product} {ergonomic}
     bool UseCompressedOops                        = true                           {product lp64_product} {ergonomic}
     bool UseG1GC                                  = true                                      {product} {ergonomic}
     bool UseLargePagesIndividualAllocation        = false                                  {pd product} {ergonomic}

Logging:
Log output configuration:
 #0: stdout all=warning uptime,level,tags
 #1: stderr all=off uptime,level,tags

Environment Variables:
PATH=C:\Program Files (x86)\Common Files\Intel\Shared Libraries\redist\intel64\compiler;C:\Program Files\Common Files\Oracle\Java\javapath;C:\Program Files (x86)\Common Files\Oracle\Java\javapath;C:\Windows\system32;C:\Windows;C:\Windows\System32\Wbem;C:\Windows\System32\WindowsPowerShell\v1.0\;C:\Windows\System32\OpenSSH\;C:\Program Files (x86)\QuickTime\QTSystem\;C:\Users\TOSHIBA\AppData\Local\Microsoft\WindowsApps;;C:\Users\TOSHIBA\AppData\Local\Programs\Microsoft VS Code\bin
USERNAME=TOSHIBA
OS=Windows_NT
PROCESSOR_IDENTIFIER=Intel64 Family 6 Model 69 Stepping 1, GenuineIntel



---------------  S Y S T E M  ---------------

OS:
 Windows 10 , 64 bit Build 19041 (10.0.19041.928)
OS uptime: 0 days 1:51 hours

CPU: total 4 (initial active 4) (2 cores per cpu, 2 threads per core) family 6 model 69 stepping 1 microcode 0x25, cx8, cmov, fxsr, ht, mmx, sse, sse2, sse3, ssse3, sse4.1, sse4.2, popcnt, lzcnt, tsc, tscinvbit, avx, avx2, aes, erms, clmul, bmi1, bmi2, fma, vzeroupper, clflush

Memory: 4k page, system-wide physical 12209M (6131M free)
TotalPageFile size 14641M (AvailPageFile size 6143M)
current process WorkingSet (physical memory assigned to process): 54M, peak: 54M
current process commit charge ("private bytes"): 282M, peak: 282M

vm_info: Java HotSpot(TM) 64-Bit Server VM (16.0.1+9-24) for windows-amd64 JRE (16.0.1+9-24), built on Mar 26 2021 19:31:42 by "mach5one" with MS VC++ 16.7 (VS2019)

END.
